<?xml version="1.0" ?>
<coverage version="7.15.0" timestamp="1783675485049" lines-valid="1295" lines-covered="658" line-rate="0.5081" branches-valid="78" branches-covered="0" branch-rate="0" complexity="0">
	<!-- Generated by coverage.py: https://coverage.readthedocs.io/en/7.15.0 -->
	<!-- Based on https://raw.githubusercontent.com/cobertura/web/master/htdocs/xml/coverage-04.dtd -->
	<sources>
		<source>C:\Users\cleme\Documents\GitLab_ENSAM\abb_rws_client_python_rw6\abb_rws_client</source>
	</sources>
	<packages>
		<package name="." line-rate="1" branch-rate="1" complexity="0">
			<classes>
				<class name="__init__.py" filename="__init__.py" complexity="0" line-rate="1" branch-rate="1">
					<methods/>
					<lines/>
				</class>
			</classes>
		</package>
		<package name="_core" line-rate="0.3495" branch-rate="0" complexity="0">
			<classes>
				<class name="__init__.py" filename="_core/__init__.py" complexity="0" line-rate="1" branch-rate="1">
					<methods/>
					<lines/>
				</class>
				<class name="client.py" filename="_core/client.py" complexity="0" line-rate="0.3014" branch-rate="0">
					<methods/>
					<lines>
						<line number="34" hits="1"/>
						<line number="36" hits="1"/>
						<line number="37" hits="1"/>
						<line number="38" hits="1"/>
						<line number="39" hits="1"/>
						<line number="40" hits="1"/>
						<line number="42" hits="1"/>
						<line number="44" hits="1"/>
						<line number="52" hits="1"/>
						<line number="59" hits="1"/>
						<line number="62" hits="1"/>
						<line number="65" hits="1"/>
						<line number="68" hits="1"/>
						<line number="80" hits="1"/>
						<line number="93" hits="0"/>
						<line number="96" hits="1"/>
						<line number="111" hits="0"/>
						<line number="112" hits="0" branch="true" condition-coverage="0% (0/2)" missing-branches="113,114"/>
						<line number="113" hits="0"/>
						<line number="114" hits="0" branch="true" condition-coverage="0% (0/2)" missing-branches="115,116"/>
						<line number="115" hits="0"/>
						<line number="116" hits="0" branch="true" condition-coverage="0% (0/2)" missing-branches="exit,117"/>
						<line number="117" hits="0"/>
						<line number="123" hits="1"/>
						<line number="136" hits="0"/>
						<line number="137" hits="0"/>
						<line number="138" hits="0"/>
						<line number="146" hits="1"/>
						<line number="164" hits="1"/>
						<line number="172" hits="0"/>
						<line number="173" hits="0"/>
						<line number="174" hits="0"/>
						<line number="175" hits="0"/>
						<line number="176" hits="0"/>
						<line number="177" hits="0"/>
						<line number="178" hits="0"/>
						<line number="182" hits="1"/>
						<line number="191" hits="0" branch="true" condition-coverage="0% (0/2)" missing-branches="192,193"/>
						<line number="192" hits="0"/>
						<line number="193" hits="0"/>
						<line number="199" hits="0"/>
						<line number="201" hits="1"/>
						<line number="207" hits="0" branch="true" condition-coverage="0% (0/2)" missing-branches="208,209"/>
						<line number="208" hits="0"/>
						<line number="209" hits="0"/>
						<line number="210" hits="0"/>
						<line number="211" hits="0"/>
						<line number="213" hits="1"/>
						<line number="214" hits="0"/>
						<line number="215" hits="0"/>
						<line number="217" hits="1"/>
						<line number="223" hits="0"/>
						<line number="225" hits="1"/>
						<line number="226" hits="0"/>
						<line number="227" hits="0"/>
						<line number="231" hits="1"/>
						<line number="261" hits="0" branch="true" condition-coverage="0% (0/2)" missing-branches="262,266"/>
						<line number="262" hits="0"/>
						<line number="266" hits="0"/>
						<line number="267" hits="0" branch="true" condition-coverage="0% (0/2)" missing-branches="268,287"/>
						<line number="268" hits="0"/>
						<line number="269" hits="0"/>
						<line number="270" hits="0"/>
						<line number="271" hits="0"/>
						<line number="272" hits="0"/>
						<line number="273" hits="0"/>
						<line number="274" hits="0" branch="true" condition-coverage="0% (0/2)" missing-branches="267,275"/>
						<line number="275" hits="0"/>
						<line number="276" hits="0"/>
						<line number="285" hits="0"/>
						<line number="287" hits="0"/>
						<line number="288" hits="0" branch="true" condition-coverage="0% (0/2)" missing-branches="289,292"/>
						<line number="289" hits="0"/>
						<line number="292" hits="0"/>
						<line number="298" hits="1"/>
						<line number="320" hits="0"/>
						<line number="322" hits="1"/>
						<line number="344" hits="0"/>
						<line number="346" hits="1"/>
						<line number="371" hits="0"/>
						<line number="373" hits="1"/>
						<line number="395" hits="0"/>
						<line number="397" hits="1"/>
						<line number="423" hits="0"/>
						<line number="425" hits="1"/>
						<line number="451" hits="0"/>
						<line number="459" hits="1"/>
						<line number="480" hits="1"/>
						<line number="488" hits="0"/>
						<line number="489" hits="0"/>
						<line number="490" hits="0"/>
						<line number="491" hits="0"/>
						<line number="492" hits="0"/>
						<line number="493" hits="0"/>
						<line number="494" hits="0"/>
						<line number="498" hits="1"/>
						<line number="504" hits="0" branch="true" condition-coverage="0% (0/2)" missing-branches="505,506"/>
						<line number="505" hits="0"/>
						<line number="506" hits="0"/>
						<line number="512" hits="0"/>
						<line number="514" hits="1"/>
						<line number="520" hits="0" branch="true" condition-coverage="0% (0/2)" missing-branches="521,522"/>
						<line number="521" hits="0"/>
						<line number="522" hits="0"/>
						<line number="523" hits="0"/>
						<line number="524" hits="0"/>
						<line number="526" hits="1"/>
						<line number="527" hits="0"/>
						<line number="528" hits="0"/>
						<line number="530" hits="1"/>
						<line number="536" hits="0"/>
						<line number="538" hits="1"/>
						<line number="539" hits="0"/>
						<line number="540" hits="0"/>
						<line number="544" hits="1"/>
						<line number="567" hits="0" branch="true" condition-coverage="0% (0/2)" missing-branches="568,572"/>
						<line number="568" hits="0"/>
						<line number="572" hits="0"/>
						<line number="574" hits="0"/>
						<line number="575" hits="0" branch="true" condition-coverage="0% (0/2)" missing-branches="576,595"/>
						<line number="576" hits="0"/>
						<line number="577" hits="0"/>
						<line number="578" hits="0"/>
						<line number="579" hits="0"/>
						<line number="580" hits="0"/>
						<line number="581" hits="0"/>
						<line number="582" hits="0" branch="true" condition-coverage="0% (0/2)" missing-branches="575,583"/>
						<line number="583" hits="0"/>
						<line number="584" hits="0"/>
						<line number="593" hits="0"/>
						<line number="595" hits="0"/>
						<line number="596" hits="0" branch="true" condition-coverage="0% (0/2)" missing-branches="597,598"/>
						<line number="597" hits="0"/>
						<line number="598" hits="0"/>
						<line number="604" hits="1"/>
						<line number="626" hits="0"/>
						<line number="628" hits="1"/>
						<line number="650" hits="0"/>
						<line number="652" hits="1"/>
						<line number="677" hits="0"/>
						<line number="679" hits="1"/>
						<line number="701" hits="0"/>
						<line number="703" hits="1"/>
						<line number="725" hits="0"/>
						<line number="727" hits="1"/>
						<line number="749" hits="0"/>
					</lines>
				</class>
				<class name="exceptions.py" filename="_core/exceptions.py" complexity="0" line-rate="0.5532" branch-rate="0">
					<methods/>
					<lines>
						<line number="26" hits="1"/>
						<line number="33" hits="1"/>
						<line number="226" hits="1"/>
						<line number="242" hits="0"/>
						<line number="250" hits="1"/>
						<line number="268" hits="1"/>
						<line number="269" hits="1"/>
						<line number="271" hits="1"/>
						<line number="272" hits="0"/>
						<line number="273" hits="0"/>
						<line number="274" hits="0"/>
						<line number="276" hits="1"/>
						<line number="277" hits="0" branch="true" condition-coverage="0% (0/2)" missing-branches="278,283"/>
						<line number="278" hits="0"/>
						<line number="283" hits="0"/>
						<line number="291" hits="1"/>
						<line number="305" hits="1"/>
						<line number="324" hits="1"/>
						<line number="337" hits="1"/>
						<line number="338" hits="0"/>
						<line number="341" hits="1"/>
						<line number="356" hits="1"/>
						<line number="357" hits="1"/>
						<line number="359" hits="1"/>
						<line number="365" hits="0"/>
						<line number="366" hits="0"/>
						<line number="367" hits="0"/>
						<line number="369" hits="1"/>
						<line number="370" hits="0"/>
						<line number="371" hits="0" branch="true" condition-coverage="0% (0/2)" missing-branches="372,373"/>
						<line number="372" hits="0"/>
						<line number="373" hits="0" branch="true" condition-coverage="0% (0/2)" missing-branches="374,375"/>
						<line number="374" hits="0"/>
						<line number="375" hits="0"/>
						<line number="378" hits="1"/>
						<line number="394" hits="1"/>
						<line number="396" hits="1"/>
						<line number="397" hits="0"/>
						<line number="402" hits="0"/>
						<line number="410" hits="1"/>
						<line number="421" hits="1"/>
						<line number="438" hits="1"/>
						<line number="439" hits="0"/>
						<line number="442" hits="1"/>
						<line number="455" hits="1"/>
						<line number="456" hits="0"/>
						<line number="464" hits="1"/>
					</lines>
				</class>
				<class name="serializers.py" filename="_core/serializers.py" complexity="0" line-rate="0.3229" branch-rate="0">
					<methods/>
					<lines>
						<line number="14" hits="1"/>
						<line number="16" hits="1"/>
						<line number="17" hits="1"/>
						<line number="18" hits="1"/>
						<line number="20" hits="1"/>
						<line number="23" hits="1"/>
						<line number="24" hits="1"/>
						<line number="26" hits="1"/>
						<line number="36" hits="1"/>
						<line number="39" hits="1"/>
						<line number="40" hits="1"/>
						<line number="66" hits="1"/>
						<line number="67" hits="1"/>
						<line number="68" hits="1"/>
						<line number="69" hits="1"/>
						<line number="70" hits="1"/>
						<line number="71" hits="1"/>
						<line number="72" hits="1"/>
						<line number="73" hits="1"/>
						<line number="74" hits="1"/>
						<line number="75" hits="1"/>
						<line number="76" hits="1"/>
						<line number="77" hits="1"/>
						<line number="79" hits="1"/>
						<line number="80" hits="0" branch="true" condition-coverage="0% (0/2)" missing-branches="exit,81"/>
						<line number="81" hits="0"/>
						<line number="84" hits="1"/>
						<line number="87" hits="1"/>
						<line number="107" hits="0" branch="true" condition-coverage="0% (0/2)" missing-branches="108,109"/>
						<line number="108" hits="0"/>
						<line number="109" hits="0" branch="true" condition-coverage="0% (0/2)" missing-branches="110,111"/>
						<line number="110" hits="0"/>
						<line number="111" hits="0"/>
						<line number="114" hits="1"/>
						<line number="134" hits="0"/>
						<line number="135" hits="0" branch="true" condition-coverage="0% (0/2)" missing-branches="136,137"/>
						<line number="136" hits="0"/>
						<line number="137" hits="0"/>
						<line number="138" hits="0"/>
						<line number="139" hits="0"/>
						<line number="140" hits="0"/>
						<line number="143" hits="1"/>
						<line number="159" hits="0"/>
						<line number="160" hits="0"/>
						<line number="161" hits="0"/>
						<line number="162" hits="0"/>
						<line number="163" hits="0"/>
						<line number="166" hits="1"/>
						<line number="187" hits="0"/>
						<line number="188" hits="0" branch="true" condition-coverage="0% (0/2)" missing-branches="189,190"/>
						<line number="189" hits="0"/>
						<line number="190" hits="0"/>
						<line number="191" hits="0"/>
						<line number="192" hits="0"/>
						<line number="193" hits="0"/>
						<line number="194" hits="0"/>
						<line number="210" hits="1"/>
						<line number="233" hits="0" branch="true" condition-coverage="0% (0/2)" missing-branches="234,237"/>
						<line number="234" hits="0"/>
						<line number="237" hits="0" branch="true" condition-coverage="0% (0/2)" missing-branches="239,242"/>
						<line number="239" hits="0" branch="true" condition-coverage="0% (0/2)" missing-branches="240,241"/>
						<line number="240" hits="0"/>
						<line number="241" hits="0"/>
						<line number="242" hits="0" branch="true" condition-coverage="0% (0/2)" missing-branches="243,246"/>
						<line number="243" hits="0" branch="true" condition-coverage="0% (0/2)" missing-branches="244,245"/>
						<line number="244" hits="0"/>
						<line number="245" hits="0"/>
						<line number="246" hits="0" branch="true" condition-coverage="0% (0/2)" missing-branches="247,250"/>
						<line number="247" hits="0" branch="true" condition-coverage="0% (0/2)" missing-branches="248,249"/>
						<line number="248" hits="0"/>
						<line number="249" hits="0"/>
						<line number="250" hits="0" branch="true" condition-coverage="0% (0/2)" missing-branches="251,254"/>
						<line number="251" hits="0" branch="true" condition-coverage="0% (0/2)" missing-branches="252,253"/>
						<line number="252" hits="0"/>
						<line number="253" hits="0"/>
						<line number="254" hits="0"/>
						<line number="257" hits="1"/>
						<line number="279" hits="0" branch="true" condition-coverage="0% (0/2)" missing-branches="280,283"/>
						<line number="280" hits="0"/>
						<line number="283" hits="0" branch="true" condition-coverage="0% (0/2)" missing-branches="284,288"/>
						<line number="284" hits="0"/>
						<line number="285" hits="0"/>
						<line number="286" hits="0"/>
						<line number="287" hits="0"/>
						<line number="288" hits="0" branch="true" condition-coverage="0% (0/2)" missing-branches="289,295"/>
						<line number="289" hits="0"/>
						<line number="290" hits="0" branch="true" condition-coverage="0% (0/2)" missing-branches="291,292"/>
						<line number="291" hits="0"/>
						<line number="292" hits="0" branch="true" condition-coverage="0% (0/2)" missing-branches="293,294"/>
						<line number="293" hits="0"/>
						<line number="294" hits="0"/>
						<line number="295" hits="0" branch="true" condition-coverage="0% (0/2)" missing-branches="296,297"/>
						<line number="296" hits="0"/>
						<line number="297" hits="0" branch="true" condition-coverage="0% (0/2)" missing-branches="298,299"/>
						<line number="298" hits="0"/>
						<line number="299" hits="0"/>
					</lines>
				</class>
			</classes>
		</package>
		<package name="rws" line-rate="0.5479" branch-rate="1" complexity="0">
			<classes>
				<class name="__init__.py" filename="rws/__init__.py" complexity="0" line-rate="1" branch-rate="1">
					<methods/>
					<lines/>
				</class>
				<class name="cfg.py" filename="rws/cfg.py" complexity="0" line-rate="0.5319" branch-rate="1">
					<methods/>
					<lines>
						<line number="11" hits="1"/>
						<line number="13" hits="1"/>
						<line number="15" hits="1"/>
						<line number="18" hits="1"/>
						<line number="39" hits="0"/>
						<line number="41" hits="1"/>
						<line number="67" hits="0"/>
						<line number="72" hits="1"/>
						<line number="99" hits="0"/>
						<line number="104" hits="1"/>
						<line number="131" hits="0"/>
						<line number="136" hits="1"/>
						<line number="165" hits="0"/>
						<line number="171" hits="1"/>
						<line number="208" hits="0"/>
						<line number="214" hits="1"/>
						<line number="243" hits="0"/>
						<line number="249" hits="1"/>
						<line number="277" hits="0"/>
						<line number="282" hits="1"/>
						<line number="311" hits="0"/>
						<line number="316" hits="1"/>
						<line number="345" hits="0"/>
						<line number="350" hits="1"/>
						<line number="378" hits="0"/>
						<line number="383" hits="1"/>
						<line number="411" hits="0"/>
						<line number="416" hits="1"/>
						<line number="445" hits="0"/>
						<line number="447" hits="1"/>
						<line number="476" hits="0"/>
						<line number="478" hits="1"/>
						<line number="507" hits="0"/>
						<line number="509" hits="1"/>
						<line number="540" hits="0"/>
						<line number="545" hits="1"/>
						<line number="575" hits="0"/>
						<line number="580" hits="1"/>
						<line number="611" hits="0"/>
						<line number="616" hits="1"/>
						<line number="646" hits="0"/>
						<line number="648" hits="1"/>
						<line number="680" hits="0"/>
						<line number="685" hits="1"/>
						<line number="719" hits="0"/>
						<line number="725" hits="1"/>
						<line number="755" hits="0"/>
					</lines>
				</class>
				<class name="devices.py" filename="rws/devices.py" complexity="0" line-rate="0.8" branch-rate="1">
					<methods/>
					<lines>
						<line number="11" hits="1"/>
						<line number="13" hits="1"/>
						<line number="15" hits="1"/>
						<line number="18" hits="1"/>
						<line number="44" hits="0"/>
					</lines>
				</class>
				<class name="dipc.py" filename="rws/dipc.py" complexity="0" line-rate="0.5652" branch-rate="1">
					<methods/>
					<lines>
						<line number="11" hits="1"/>
						<line number="13" hits="1"/>
						<line number="15" hits="1"/>
						<line number="18" hits="1"/>
						<line number="40" hits="0"/>
						<line number="42" hits="1"/>
						<line number="64" hits="0"/>
						<line number="66" hits="1"/>
						<line number="92" hits="0"/>
						<line number="97" hits="1"/>
						<line number="123" hits="0"/>
						<line number="125" hits="1"/>
						<line number="154" hits="0"/>
						<line number="159" hits="1"/>
						<line number="187" hits="0"/>
						<line number="192" hits="1"/>
						<line number="223" hits="0"/>
						<line number="228" hits="1"/>
						<line number="255" hits="0"/>
						<line number="257" hits="1"/>
						<line number="285" hits="0"/>
						<line number="290" hits="1"/>
						<line number="317" hits="0"/>
					</lines>
				</class>
				<class name="elog.py" filename="rws/elog.py" complexity="0" line-rate="0.5714" branch-rate="1">
					<methods/>
					<lines>
						<line number="11" hits="1"/>
						<line number="13" hits="1"/>
						<line number="15" hits="1"/>
						<line number="18" hits="1"/>
						<line number="49" hits="0"/>
						<line number="54" hits="1"/>
						<line number="79" hits="0"/>
						<line number="84" hits="1"/>
						<line number="110" hits="0"/>
						<line number="115" hits="1"/>
						<line number="145" hits="0"/>
						<line number="151" hits="1"/>
						<line number="185" hits="0"/>
						<line number="190" hits="1"/>
						<line number="216" hits="0"/>
						<line number="218" hits="1"/>
						<line number="246" hits="0"/>
						<line number="251" hits="1"/>
						<line number="279" hits="0"/>
						<line number="284" hits="1"/>
						<line number="316" hits="0"/>
					</lines>
				</class>
				<class name="fileservice.py" filename="rws/fileservice.py" complexity="0" line-rate="0.5484" branch-rate="1">
					<methods/>
					<lines>
						<line number="11" hits="1"/>
						<line number="13" hits="1"/>
						<line number="15" hits="1"/>
						<line number="18" hits="1"/>
						<line number="42" hits="0"/>
						<line number="44" hits="1"/>
						<line number="72" hits="0"/>
						<line number="74" hits="1"/>
						<line number="104" hits="0"/>
						<line number="109" hits="1"/>
						<line number="140" hits="0"/>
						<line number="142" hits="1"/>
						<line number="171" hits="0"/>
						<line number="173" hits="1"/>
						<line number="205" hits="0"/>
						<line number="207" hits="1"/>
						<line number="235" hits="0"/>
						<line number="237" hits="1"/>
						<line number="267" hits="0"/>
						<line number="269" hits="1"/>
						<line number="301" hits="0"/>
						<line number="306" hits="1"/>
						<line number="334" hits="0"/>
						<line number="336" hits="1"/>
						<line number="368" hits="0"/>
						<line number="370" hits="1"/>
						<line number="400" hits="0"/>
						<line number="402" hits="1"/>
						<line number="430" hits="0"/>
						<line number="432" hits="1"/>
						<line number="460" hits="0"/>
					</lines>
				</class>
				<class name="mastership.py" filename="rws/mastership.py" complexity="0" line-rate="0.5652" branch-rate="1">
					<methods/>
					<lines>
						<line number="11" hits="1"/>
						<line number="13" hits="1"/>
						<line number="15" hits="1"/>
						<line number="18" hits="1"/>
						<line number="40" hits="0"/>
						<line number="42" hits="1"/>
						<line number="68" hits="0"/>
						<line number="73" hits="1"/>
						<line number="100" hits="0"/>
						<line number="105" hits="1"/>
						<line number="131" hits="0"/>
						<line number="136" hits="1"/>
						<line number="164" hits="0"/>
						<line number="169" hits="1"/>
						<line number="195" hits="0"/>
						<line number="197" hits="1"/>
						<line number="226" hits="0"/>
						<line number="231" hits="1"/>
						<line number="260" hits="0"/>
						<line number="265" hits="1"/>
						<line number="293" hits="0"/>
						<line number="298" hits="1"/>
						<line number="326" hits="0"/>
					</lines>
				</class>
				<class name="motionsystem.py" filename="rws/motionsystem.py" complexity="0" line-rate="0.5115" branch-rate="1">
					<methods/>
					<lines>
						<line number="11" hits="1"/>
						<line number="13" hits="1"/>
						<line number="15" hits="1"/>
						<line number="18" hits="1"/>
						<line number="45" hits="0"/>
						<line number="50" hits="1"/>
						<line number="75" hits="0"/>
						<line number="80" hits="1"/>
						<line number="108" hits="0"/>
						<line number="114" hits="1"/>
						<line number="156" hits="0"/>
						<line number="162" hits="1"/>
						<line number="208" hits="0"/>
						<line number="214" hits="1"/>
						<line number="240" hits="0"/>
						<line number="245" hits="1"/>
						<line number="275" hits="0"/>
						<line number="280" hits="1"/>
						<line number="300" hits="0"/>
						<line number="302" hits="1"/>
						<line number="328" hits="0"/>
						<line number="333" hits="1"/>
						<line number="359" hits="0"/>
						<line number="364" hits="1"/>
						<line number="394" hits="0"/>
						<line number="400" hits="1"/>
						<line number="430" hits="0"/>
						<line number="436" hits="1"/>
						<line number="462" hits="0"/>
						<line number="467" hits="1"/>
						<line number="495" hits="0"/>
						<line number="501" hits="1"/>
						<line number="527" hits="0"/>
						<line number="532" hits="1"/>
						<line number="558" hits="0"/>
						<line number="563" hits="1"/>
						<line number="593" hits="0"/>
						<line number="599" hits="1"/>
						<line number="629" hits="0"/>
						<line number="635" hits="1"/>
						<line number="657" hits="0"/>
						<line number="659" hits="1"/>
						<line number="685" hits="0"/>
						<line number="690" hits="1"/>
						<line number="718" hits="0"/>
						<line number="724" hits="1"/>
						<line number="745" hits="0"/>
						<line number="747" hits="1"/>
						<line number="776" hits="0"/>
						<line number="781" hits="1"/>
						<line number="809" hits="0"/>
						<line number="814" hits="1"/>
						<line number="858" hits="0"/>
						<line number="864" hits="1"/>
						<line number="894" hits="0"/>
						<line number="900" hits="1"/>
						<line number="928" hits="0"/>
						<line number="933" hits="1"/>
						<line number="963" hits="0"/>
						<line number="969" hits="1"/>
						<line number="999" hits="0"/>
						<line number="1005" hits="1"/>
						<line number="1031" hits="0"/>
						<line number="1033" hits="1"/>
						<line number="1067" hits="0"/>
						<line number="1072" hits="1"/>
						<line number="1104" hits="0"/>
						<line number="1110" hits="1"/>
						<line number="1142" hits="0"/>
						<line number="1147" hits="1"/>
						<line number="1173" hits="0"/>
						<line number="1175" hits="1"/>
						<line number="1203" hits="0"/>
						<line number="1208" hits="1"/>
						<line number="1256" hits="0"/>
						<line number="1262" hits="1"/>
						<line number="1302" hits="0"/>
						<line number="1308" hits="1"/>
						<line number="1350" hits="0"/>
						<line number="1356" hits="1"/>
						<line number="1404" hits="0"/>
						<line number="1410" hits="1"/>
						<line number="1436" hits="0"/>
						<line number="1438" hits="1"/>
						<line number="1484" hits="0"/>
						<line number="1489" hits="1"/>
						<line number="1535" hits="0"/>
						<line number="1540" hits="1"/>
						<line number="1586" hits="0"/>
						<line number="1591" hits="1"/>
						<line number="1637" hits="0"/>
						<line number="1642" hits="1"/>
						<line number="1688" hits="0"/>
						<line number="1693" hits="1"/>
						<line number="1739" hits="0"/>
						<line number="1744" hits="1"/>
						<line number="1790" hits="0"/>
						<line number="1795" hits="1"/>
						<line number="1841" hits="0"/>
						<line number="1846" hits="1"/>
						<line number="1892" hits="0"/>
						<line number="1897" hits="1"/>
						<line number="1923" hits="0"/>
						<line number="1925" hits="1"/>
						<line number="1953" hits="0"/>
						<line number="1958" hits="1"/>
						<line number="2000" hits="0"/>
						<line number="2006" hits="1"/>
						<line number="2032" hits="0"/>
						<line number="2034" hits="1"/>
						<line number="2062" hits="0"/>
						<line number="2064" hits="1"/>
						<line number="2093" hits="0"/>
						<line number="2098" hits="1"/>
						<line number="2128" hits="0"/>
						<line number="2133" hits="1"/>
						<line number="2177" hits="0"/>
						<line number="2183" hits="1"/>
						<line number="2212" hits="0"/>
						<line number="2217" hits="1"/>
						<line number="2249" hits="0"/>
						<line number="2255" hits="1"/>
						<line number="2284" hits="0"/>
						<line number="2290" hits="1"/>
						<line number="2319" hits="0"/>
						<line number="2325" hits="1"/>
						<line number="2350" hits="0"/>
						<line number="2352" hits="1"/>
						<line number="2380" hits="0"/>
						<line number="2385" hits="1"/>
						<line number="2411" hits="0"/>
					</lines>
				</class>
				<class name="operations_on_io_profinet_device.py" filename="rws/operations_on_io_profinet_device.py" complexity="0" line-rate="0.5714" branch-rate="1">
					<methods/>
					<lines>
						<line number="11" hits="1"/>
						<line number="13" hits="1"/>
						<line number="15" hits="1"/>
						<line number="18" hits="1"/>
						<line number="59" hits="0"/>
						<line number="64" hits="1"/>
						<line number="107" hits="0"/>
						<line number="112" hits="1"/>
						<line number="141" hits="0"/>
						<line number="143" hits="1"/>
						<line number="180" hits="0"/>
						<line number="185" hits="1"/>
						<line number="222" hits="0"/>
						<line number="227" hits="1"/>
						<line number="256" hits="0"/>
						<line number="258" hits="1"/>
						<line number="287" hits="0"/>
						<line number="289" hits="1"/>
						<line number="318" hits="0"/>
						<line number="320" hits="1"/>
						<line number="349" hits="0"/>
					</lines>
				</class>
				<class name="panel.py" filename="rws/panel.py" complexity="0" line-rate="0.5319" branch-rate="1">
					<methods/>
					<lines>
						<line number="11" hits="1"/>
						<line number="13" hits="1"/>
						<line number="15" hits="1"/>
						<line number="18" hits="1"/>
						<line number="40" hits="0"/>
						<line number="42" hits="1"/>
						<line number="64" hits="0"/>
						<line number="66" hits="1"/>
						<line number="94" hits="0"/>
						<line number="100" hits="1"/>
						<line number="128" hits="0"/>
						<line number="134" hits="1"/>
						<line number="159" hits="0"/>
						<line number="161" hits="1"/>
						<line number="188" hits="0"/>
						<line number="193" hits="1"/>
						<line number="221" hits="0"/>
						<line number="227" hits="1"/>
						<line number="258" hits="0"/>
						<line number="263" hits="1"/>
						<line number="285" hits="0"/>
						<line number="287" hits="1"/>
						<line number="313" hits="0"/>
						<line number="318" hits="1"/>
						<line number="346" hits="0"/>
						<line number="351" hits="1"/>
						<line number="381" hits="0"/>
						<line number="387" hits="1"/>
						<line number="414" hits="0"/>
						<line number="419" hits="1"/>
						<line number="452" hits="0"/>
						<line number="458" hits="1"/>
						<line number="489" hits="0"/>
						<line number="495" hits="1"/>
						<line number="517" hits="0"/>
						<line number="519" hits="1"/>
						<line number="546" hits="0"/>
						<line number="551" hits="1"/>
						<line number="579" hits="0"/>
						<line number="585" hits="1"/>
						<line number="613" hits="0"/>
						<line number="618" hits="1"/>
						<line number="640" hits="0"/>
						<line number="642" hits="1"/>
						<line number="669" hits="0"/>
						<line number="674" hits="1"/>
						<line number="702" hits="0"/>
					</lines>
				</class>
				<class name="retcode.py" filename="rws/retcode.py" complexity="0" line-rate="0.8" branch-rate="1">
					<methods/>
					<lines>
						<line number="11" hits="1"/>
						<line number="13" hits="1"/>
						<line number="15" hits="1"/>
						<line number="18" hits="1"/>
						<line number="44" hits="0"/>
					</lines>
				</class>
				<class name="root.py" filename="rws/root.py" complexity="0" line-rate="0.7143" branch-rate="1">
					<methods/>
					<lines>
						<line number="11" hits="1"/>
						<line number="13" hits="1"/>
						<line number="15" hits="1"/>
						<line number="18" hits="1"/>
						<line number="40" hits="0"/>
						<line number="42" hits="1"/>
						<line number="64" hits="0"/>
					</lines>
				</class>
				<class name="subscription.py" filename="rws/subscription.py" complexity="0" line-rate="0.6" branch-rate="1">
					<methods/>
					<lines>
						<line number="11" hits="1"/>
						<line number="13" hits="1"/>
						<line number="15" hits="1"/>
						<line number="18" hits="1"/>
						<line number="48" hits="0"/>
						<line number="53" hits="1"/>
						<line number="84" hits="0"/>
						<line number="89" hits="1"/>
						<line number="121" hits="0"/>
						<line number="126" hits="1"/>
						<line number="159" hits="0"/>
						<line number="164" hits="1"/>
						<line number="190" hits="0"/>
						<line number="192" hits="1"/>
						<line number="220" hits="0"/>
					</lines>
				</class>
				<class name="system.py" filename="rws/system.py" complexity="0" line-rate="0.5652" branch-rate="1">
					<methods/>
					<lines>
						<line number="11" hits="1"/>
						<line number="13" hits="1"/>
						<line number="15" hits="1"/>
						<line number="18" hits="1"/>
						<line number="40" hits="0"/>
						<line number="42" hits="1"/>
						<line number="66" hits="0"/>
						<line number="68" hits="1"/>
						<line number="90" hits="0"/>
						<line number="92" hits="1"/>
						<line number="119" hits="0"/>
						<line number="124" hits="1"/>
						<line number="151" hits="0"/>
						<line number="156" hits="1"/>
						<line number="183" hits="0"/>
						<line number="188" hits="1"/>
						<line number="210" hits="0"/>
						<line number="212" hits="1"/>
						<line number="241" hits="0"/>
						<line number="246" hits="1"/>
						<line number="268" hits="0"/>
						<line number="270" hits="1"/>
						<line number="296" hits="0"/>
					</lines>
				</class>
				<class name="vision.py" filename="rws/vision.py" complexity="0" line-rate="0.5385" branch-rate="1">
					<methods/>
					<lines>
						<line number="11" hits="1"/>
						<line number="13" hits="1"/>
						<line number="15" hits="1"/>
						<line number="18" hits="1"/>
						<line number="40" hits="0"/>
						<line number="42" hits="1"/>
						<line number="69" hits="0"/>
						<line number="74" hits="1"/>
						<line number="103" hits="0"/>
						<line number="108" hits="1"/>
						<line number="134" hits="0"/>
						<line number="139" hits="1"/>
						<line number="168" hits="0"/>
						<line number="173" hits="1"/>
						<line number="202" hits="0"/>
						<line number="208" hits="1"/>
						<line number="237" hits="0"/>
						<line number="243" hits="1"/>
						<line number="274" hits="0"/>
						<line number="280" hits="1"/>
						<line number="307" hits="0"/>
						<line number="312" hits="1"/>
						<line number="344" hits="0"/>
						<line number="350" hits="1"/>
						<line number="380" hits="0"/>
						<line number="386" hits="1"/>
						<line number="420" hits="0"/>
						<line number="426" hits="1"/>
						<line number="455" hits="0"/>
						<line number="460" hits="1"/>
						<line number="489" hits="0"/>
						<line number="494" hits="1"/>
						<line number="525" hits="0"/>
						<line number="531" hits="1"/>
						<line number="564" hits="0"/>
						<line number="570" hits="1"/>
						<line number="606" hits="0"/>
						<line number="612" hits="1"/>
						<line number="641" hits="0"/>
					</lines>
				</class>
			</classes>
		</package>
		<package name="rws.ctrl" line-rate="0.5326" branch-rate="1" complexity="0">
			<classes>
				<class name="__init__.py" filename="rws/ctrl/__init__.py" complexity="0" line-rate="1" branch-rate="1">
					<methods/>
					<lines/>
				</class>
				<class name="backup.py" filename="rws/ctrl/backup.py" complexity="0" line-rate="0.5789" branch-rate="1">
					<methods/>
					<lines>
						<line number="11" hits="1"/>
						<line number="13" hits="1"/>
						<line number="15" hits="1"/>
						<line number="18" hits="1"/>
						<line number="39" hits="0"/>
						<line number="41" hits="1"/>
						<line number="67" hits="0"/>
						<line number="72" hits="1"/>
						<line number="107" hits="0"/>
						<line number="113" hits="1"/>
						<line number="143" hits="0"/>
						<line number="149" hits="1"/>
						<line number="177" hits="0"/>
						<line number="182" hits="1"/>
						<line number="209" hits="0"/>
						<line number="214" hits="1"/>
						<line number="245" hits="0"/>
						<line number="250" hits="1"/>
						<line number="277" hits="0"/>
					</lines>
				</class>
				<class name="clock.py" filename="rws/ctrl/clock.py" complexity="0" line-rate="0.5652" branch-rate="1">
					<methods/>
					<lines>
						<line number="11" hits="1"/>
						<line number="13" hits="1"/>
						<line number="15" hits="1"/>
						<line number="18" hits="1"/>
						<line number="40" hits="0"/>
						<line number="42" hits="1"/>
						<line number="68" hits="0"/>
						<line number="73" hits="1"/>
						<line number="95" hits="0"/>
						<line number="97" hits="1"/>
						<line number="119" hits="0"/>
						<line number="121" hits="1"/>
						<line number="144" hits="0"/>
						<line number="149" hits="1"/>
						<line number="171" hits="0"/>
						<line number="173" hits="1"/>
						<line number="195" hits="0"/>
						<line number="197" hits="1"/>
						<line number="220" hits="0"/>
						<line number="225" hits="1"/>
						<line number="251" hits="0"/>
						<line number="256" hits="1"/>
						<line number="285" hits="0"/>
					</lines>
				</class>
				<class name="ctrl.py" filename="rws/ctrl/ctrl.py" complexity="0" line-rate="0.5113" branch-rate="1">
					<methods/>
					<lines>
						<line number="11" hits="1"/>
						<line number="13" hits="1"/>
						<line number="15" hits="1"/>
						<line number="18" hits="1"/>
						<line number="40" hits="0"/>
						<line number="42" hits="1"/>
						<line number="68" hits="0"/>
						<line number="73" hits="1"/>
						<line number="98" hits="0"/>
						<line number="100" hits="1"/>
						<line number="123" hits="0"/>
						<line number="125" hits="1"/>
						<line number="151" hits="0"/>
						<line number="156" hits="1"/>
						<line number="178" hits="0"/>
						<line number="180" hits="1"/>
						<line number="206" hits="0"/>
						<line number="211" hits="1"/>
						<line number="237" hits="0"/>
						<line number="242" hits="1"/>
						<line number="269" hits="0"/>
						<line number="274" hits="1"/>
						<line number="301" hits="0"/>
						<line number="306" hits="1"/>
						<line number="332" hits="0"/>
						<line number="337" hits="1"/>
						<line number="364" hits="0"/>
						<line number="369" hits="1"/>
						<line number="395" hits="0"/>
						<line number="397" hits="1"/>
						<line number="419" hits="0"/>
						<line number="421" hits="1"/>
						<line number="447" hits="0"/>
						<line number="449" hits="1"/>
						<line number="478" hits="0"/>
						<line number="483" hits="1"/>
						<line number="515" hits="0"/>
						<line number="521" hits="1"/>
						<line number="551" hits="0"/>
						<line number="556" hits="1"/>
						<line number="582" hits="0"/>
						<line number="584" hits="1"/>
						<line number="611" hits="0"/>
						<line number="616" hits="1"/>
						<line number="637" hits="0"/>
						<line number="639" hits="1"/>
						<line number="665" hits="0"/>
						<line number="670" hits="1"/>
						<line number="698" hits="0"/>
						<line number="703" hits="1"/>
						<line number="724" hits="0"/>
						<line number="726" hits="1"/>
						<line number="749" hits="0"/>
						<line number="751" hits="1"/>
						<line number="774" hits="0"/>
						<line number="776" hits="1"/>
						<line number="800" hits="0"/>
						<line number="802" hits="1"/>
						<line number="825" hits="0"/>
						<line number="827" hits="1"/>
						<line number="849" hits="0"/>
						<line number="851" hits="1"/>
						<line number="877" hits="0"/>
						<line number="882" hits="1"/>
						<line number="912" hits="0"/>
						<line number="917" hits="1"/>
						<line number="939" hits="0"/>
						<line number="941" hits="1"/>
						<line number="968" hits="0"/>
						<line number="973" hits="1"/>
						<line number="1002" hits="0"/>
						<line number="1007" hits="1"/>
						<line number="1039" hits="0"/>
						<line number="1044" hits="1"/>
						<line number="1075" hits="0"/>
						<line number="1080" hits="1"/>
						<line number="1102" hits="0"/>
						<line number="1104" hits="1"/>
						<line number="1130" hits="0"/>
						<line number="1135" hits="1"/>
						<line number="1161" hits="0"/>
						<line number="1166" hits="1"/>
						<line number="1195" hits="0"/>
						<line number="1201" hits="1"/>
						<line number="1228" hits="0"/>
						<line number="1233" hits="1"/>
						<line number="1260" hits="0"/>
						<line number="1265" hits="1"/>
						<line number="1294" hits="0"/>
						<line number="1299" hits="1"/>
						<line number="1326" hits="0"/>
						<line number="1331" hits="1"/>
						<line number="1357" hits="0"/>
						<line number="1362" hits="1"/>
						<line number="1389" hits="0"/>
						<line number="1394" hits="1"/>
						<line number="1420" hits="0"/>
						<line number="1425" hits="1"/>
						<line number="1453" hits="0"/>
						<line number="1459" hits="1"/>
						<line number="1489" hits="0"/>
						<line number="1495" hits="1"/>
						<line number="1523" hits="0"/>
						<line number="1528" hits="1"/>
						<line number="1554" hits="0"/>
						<line number="1559" hits="1"/>
						<line number="1586" hits="0"/>
						<line number="1588" hits="1"/>
						<line number="1615" hits="0"/>
						<line number="1617" hits="1"/>
						<line number="1639" hits="0"/>
						<line number="1641" hits="1"/>
						<line number="1663" hits="0"/>
						<line number="1665" hits="1"/>
						<line number="1689" hits="0"/>
						<line number="1691" hits="1"/>
						<line number="1719" hits="0"/>
						<line number="1724" hits="1"/>
						<line number="1752" hits="0"/>
						<line number="1757" hits="1"/>
						<line number="1779" hits="0"/>
						<line number="1781" hits="1"/>
						<line number="1808" hits="0"/>
						<line number="1813" hits="1"/>
						<line number="1840" hits="0"/>
						<line number="1845" hits="1"/>
						<line number="1867" hits="0"/>
						<line number="1869" hits="1"/>
						<line number="1896" hits="0"/>
						<line number="1901" hits="1"/>
						<line number="1928" hits="0"/>
						<line number="1933" hits="1"/>
						<line number="1956" hits="0"/>
					</lines>
				</class>
				<class name="identity.py" filename="rws/ctrl/identity.py" complexity="0" line-rate="0.6667" branch-rate="1">
					<methods/>
					<lines>
						<line number="11" hits="1"/>
						<line number="13" hits="1"/>
						<line number="15" hits="1"/>
						<line number="18" hits="1"/>
						<line number="40" hits="0"/>
						<line number="42" hits="1"/>
						<line number="68" hits="0"/>
						<line number="73" hits="1"/>
						<line number="95" hits="0"/>
					</lines>
				</class>
			</classes>
		</package>
		<package name="rws.iosystem" line-rate="0.575" branch-rate="1" complexity="0">
			<classes>
				<class name="__init__.py" filename="rws/iosystem/__init__.py" complexity="0" line-rate="1" branch-rate="1">
					<methods/>
					<lines/>
				</class>
				<class name="devices.py" filename="rws/iosystem/devices.py" complexity="0" line-rate="0.6667" branch-rate="1">
					<methods/>
					<lines>
						<line number="11" hits="1"/>
						<line number="13" hits="1"/>
						<line number="15" hits="1"/>
						<line number="18" hits="1"/>
						<line number="40" hits="0"/>
						<line number="42" hits="1"/>
						<line number="69" hits="0"/>
						<line number="74" hits="1"/>
						<line number="108" hits="0"/>
					</lines>
				</class>
				<class name="iosystem.py" filename="rws/iosystem/iosystem.py" complexity="0" line-rate="0.5306" branch-rate="1">
					<methods/>
					<lines>
						<line number="11" hits="1"/>
						<line number="13" hits="1"/>
						<line number="15" hits="1"/>
						<line number="18" hits="1"/>
						<line number="40" hits="0"/>
						<line number="42" hits="1"/>
						<line number="68" hits="0"/>
						<line number="70" hits="1"/>
						<line number="99" hits="0"/>
						<line number="104" hits="1"/>
						<line number="134" hits="0"/>
						<line number="140" hits="1"/>
						<line number="168" hits="0"/>
						<line number="173" hits="1"/>
						<line number="205" hits="0"/>
						<line number="210" hits="1"/>
						<line number="241" hits="0"/>
						<line number="247" hits="1"/>
						<line number="274" hits="0"/>
						<line number="276" hits="1"/>
						<line number="305" hits="0"/>
						<line number="310" hits="1"/>
						<line number="340" hits="0"/>
						<line number="346" hits="1"/>
						<line number="374" hits="0"/>
						<line number="379" hits="1"/>
						<line number="417" hits="0"/>
						<line number="423" hits="1"/>
						<line number="461" hits="0"/>
						<line number="467" hits="1"/>
						<line number="499" hits="0"/>
						<line number="504" hits="1"/>
						<line number="533" hits="0"/>
						<line number="535" hits="1"/>
						<line number="570" hits="0"/>
						<line number="575" hits="1"/>
						<line number="602" hits="0"/>
						<line number="604" hits="1"/>
						<line number="637" hits="0"/>
						<line number="639" hits="1"/>
						<line number="672" hits="0"/>
						<line number="677" hits="1"/>
						<line number="711" hits="0"/>
						<line number="717" hits="1"/>
						<line number="746" hits="0"/>
						<line number="751" hits="1"/>
						<line number="780" hits="0"/>
						<line number="785" hits="1"/>
						<line number="821" hits="0"/>
					</lines>
				</class>
				<class name="networks.py" filename="rws/iosystem/networks.py" complexity="0" line-rate="0.6667" branch-rate="1">
					<methods/>
					<lines>
						<line number="11" hits="1"/>
						<line number="13" hits="1"/>
						<line number="15" hits="1"/>
						<line number="18" hits="1"/>
						<line number="40" hits="0"/>
						<line number="42" hits="1"/>
						<line number="69" hits="0"/>
						<line number="74" hits="1"/>
						<line number="102" hits="0"/>
					</lines>
				</class>
				<class name="signals.py" filename="rws/iosystem/signals.py" complexity="0" line-rate="0.6154" branch-rate="1">
					<methods/>
					<lines>
						<line number="11" hits="1"/>
						<line number="13" hits="1"/>
						<line number="15" hits="1"/>
						<line number="18" hits="1"/>
						<line number="40" hits="0"/>
						<line number="42" hits="1"/>
						<line number="93" hits="0"/>
						<line number="99" hits="1"/>
						<line number="150" hits="0"/>
						<line number="156" hits="1"/>
						<line number="183" hits="0"/>
						<line number="188" hits="1"/>
						<line number="215" hits="0"/>
					</lines>
				</class>
			</classes>
		</package>
		<package name="rws.rapid" line-rate="0.5534" branch-rate="1" complexity="0">
			<classes>
				<class name="__init__.py" filename="rws/rapid/__init__.py" complexity="0" line-rate="1" branch-rate="1">
					<methods/>
					<lines/>
				</class>
				<class name="aliasio.py" filename="rws/rapid/aliasio.py" complexity="0" line-rate="0.8" branch-rate="1">
					<methods/>
					<lines>
						<line number="11" hits="1"/>
						<line number="13" hits="1"/>
						<line number="15" hits="1"/>
						<line number="18" hits="1"/>
						<line number="46" hits="0"/>
					</lines>
				</class>
				<class name="execution.py" filename="rws/rapid/execution.py" complexity="0" line-rate="0.56" branch-rate="1">
					<methods/>
					<lines>
						<line number="11" hits="1"/>
						<line number="13" hits="1"/>
						<line number="15" hits="1"/>
						<line number="18" hits="1"/>
						<line number="45" hits="0"/>
						<line number="50" hits="1"/>
						<line number="76" hits="0"/>
						<line number="81" hits="1"/>
						<line number="120" hits="0"/>
						<line number="126" hits="1"/>
						<line number="157" hits="0"/>
						<line number="163" hits="1"/>
						<line number="190" hits="0"/>
						<line number="195" hits="1"/>
						<line number="222" hits="0"/>
						<line number="227" hits="1"/>
						<line number="256" hits="0"/>
						<line number="262" hits="1"/>
						<line number="292" hits="0"/>
						<line number="297" hits="1"/>
						<line number="327" hits="0"/>
						<line number="332" hits="1"/>
						<line number="360" hits="0"/>
						<line number="365" hits="1"/>
						<line number="397" hits="0"/>
					</lines>
				</class>
				<class name="modules.py" filename="rws/rapid/modules.py" complexity="0" line-rate="0.5283" branch-rate="1">
					<methods/>
					<lines>
						<line number="11" hits="1"/>
						<line number="13" hits="1"/>
						<line number="15" hits="1"/>
						<line number="18" hits="1"/>
						<line number="44" hits="0"/>
						<line number="49" hits="1"/>
						<line number="76" hits="0"/>
						<line number="81" hits="1"/>
						<line number="108" hits="0"/>
						<line number="113" hits="1"/>
						<line number="145" hits="0"/>
						<line number="151" hits="1"/>
						<line number="178" hits="0"/>
						<line number="180" hits="1"/>
						<line number="208" hits="0"/>
						<line number="213" hits="1"/>
						<line number="248" hits="0"/>
						<line number="254" hits="1"/>
						<line number="299" hits="0"/>
						<line number="305" hits="1"/>
						<line number="338" hits="0"/>
						<line number="344" hits="1"/>
						<line number="375" hits="0"/>
						<line number="380" hits="1"/>
						<line number="410" hits="0"/>
						<line number="415" hits="1"/>
						<line number="453" hits="0"/>
						<line number="458" hits="1"/>
						<line number="490" hits="0"/>
						<line number="495" hits="1"/>
						<line number="531" hits="0"/>
						<line number="536" hits="1"/>
						<line number="563" hits="0"/>
						<line number="565" hits="1"/>
						<line number="595" hits="0"/>
						<line number="600" hits="1"/>
						<line number="644" hits="0"/>
						<line number="650" hits="1"/>
						<line number="680" hits="0"/>
						<line number="685" hits="1"/>
						<line number="723" hits="0"/>
						<line number="728" hits="1"/>
						<line number="766" hits="0"/>
						<line number="771" hits="1"/>
						<line number="801" hits="0"/>
						<line number="806" hits="1"/>
						<line number="836" hits="0"/>
						<line number="841" hits="1"/>
						<line number="875" hits="0"/>
						<line number="880" hits="1"/>
						<line number="913" hits="0"/>
						<line number="918" hits="1"/>
						<line number="960" hits="0"/>
					</lines>
				</class>
				<class name="rapid.py" filename="rws/rapid/rapid.py" complexity="0" line-rate="0.8" branch-rate="1">
					<methods/>
					<lines>
						<line number="11" hits="1"/>
						<line number="13" hits="1"/>
						<line number="15" hits="1"/>
						<line number="18" hits="1"/>
						<line number="39" hits="0"/>
					</lines>
				</class>
				<class name="symbol.py" filename="rws/rapid/symbol.py" complexity="0" line-rate="0.5882" branch-rate="1">
					<methods/>
					<lines>
						<line number="11" hits="1"/>
						<line number="13" hits="1"/>
						<line number="15" hits="1"/>
						<line number="18" hits="1"/>
						<line number="44" hits="0"/>
						<line number="46" hits="1"/>
						<line number="74" hits="0"/>
						<line number="79" hits="1"/>
						<line number="107" hits="0"/>
						<line number="112" hits="1"/>
						<line number="143" hits="0"/>
						<line number="149" hits="1"/>
						<line number="176" hits="0"/>
						<line number="181" hits="1"/>
						<line number="210" hits="0"/>
						<line number="215" hits="1"/>
						<line number="245" hits="0"/>
					</lines>
				</class>
				<class name="symbols.py" filename="rws/rapid/symbols.py" complexity="0" line-rate="0.6364" branch-rate="1">
					<methods/>
					<lines>
						<line number="11" hits="1"/>
						<line number="13" hits="1"/>
						<line number="15" hits="1"/>
						<line number="18" hits="1"/>
						<line number="39" hits="0"/>
						<line number="41" hits="1"/>
						<line number="67" hits="0"/>
						<line number="72" hits="1"/>
						<line number="119" hits="0"/>
						<line number="125" hits="1"/>
						<line number="163" hits="0"/>
					</lines>
				</class>
				<class name="taskpanel.py" filename="rws/rapid/taskpanel.py" complexity="0" line-rate="0.7143" branch-rate="1">
					<methods/>
					<lines>
						<line number="11" hits="1"/>
						<line number="13" hits="1"/>
						<line number="15" hits="1"/>
						<line number="18" hits="1"/>
						<line number="40" hits="0"/>
						<line number="42" hits="1"/>
						<line number="70" hits="0"/>
					</lines>
				</class>
				<class name="tasks.py" filename="rws/rapid/tasks.py" complexity="0" line-rate="0.5135" branch-rate="1">
					<methods/>
					<lines>
						<line number="11" hits="1"/>
						<line number="13" hits="1"/>
						<line number="15" hits="1"/>
						<line number="18" hits="1"/>
						<line number="44" hits="0"/>
						<line number="49" hits="1"/>
						<line number="75" hits="0"/>
						<line number="80" hits="1"/>
						<line number="110" hits="0"/>
						<line number="116" hits="1"/>
						<line number="142" hits="0"/>
						<line number="147" hits="1"/>
						<line number="175" hits="0"/>
						<line number="180" hits="1"/>
						<line number="208" hits="0"/>
						<line number="213" hits="1"/>
						<line number="242" hits="0"/>
						<line number="247" hits="1"/>
						<line number="275" hits="0"/>
						<line number="280" hits="1"/>
						<line number="308" hits="0"/>
						<line number="313" hits="1"/>
						<line number="341" hits="0"/>
						<line number="346" hits="1"/>
						<line number="379" hits="0"/>
						<line number="385" hits="1"/>
						<line number="416" hits="0"/>
						<line number="422" hits="1"/>
						<line number="451" hits="0"/>
						<line number="456" hits="1"/>
						<line number="485" hits="0"/>
						<line number="490" hits="1"/>
						<line number="520" hits="0"/>
						<line number="525" hits="1"/>
						<line number="553" hits="0"/>
						<line number="558" hits="1"/>
						<line number="590" hits="0"/>
						<line number="595" hits="1"/>
						<line number="625" hits="0"/>
						<line number="630" hits="1"/>
						<line number="660" hits="0"/>
						<line number="665" hits="1"/>
						<line number="694" hits="0"/>
						<line number="699" hits="1"/>
						<line number="729" hits="0"/>
						<line number="734" hits="1"/>
						<line number="764" hits="0"/>
						<line number="769" hits="1"/>
						<line number="798" hits="0"/>
						<line number="803" hits="1"/>
						<line number="832" hits="0"/>
						<line number="837" hits="1"/>
						<line number="866" hits="0"/>
						<line number="871" hits="1"/>
						<line number="898" hits="0"/>
						<line number="900" hits="1"/>
						<line number="933" hits="0"/>
						<line number="938" hits="1"/>
						<line number="967" hits="0"/>
						<line number="972" hits="1"/>
						<line number="1001" hits="0"/>
						<line number="1006" hits="1"/>
						<line number="1035" hits="0"/>
						<line number="1040" hits="1"/>
						<line number="1086" hits="0"/>
						<line number="1091" hits="1"/>
						<line number="1137" hits="0"/>
						<line number="1142" hits="1"/>
						<line number="1170" hits="0"/>
						<line number="1175" hits="1"/>
						<line number="1203" hits="0"/>
						<line number="1208" hits="1"/>
						<line number="1241" hits="0"/>
						<line number="1247" hits="1"/>
						<line number="1276" hits="0"/>
						<line number="1281" hits="1"/>
						<line number="1312" hits="0"/>
						<line number="1318" hits="1"/>
						<line number="1349" hits="0"/>
						<line number="1355" hits="1"/>
						<line number="1386" hits="0"/>
						<line number="1392" hits="1"/>
						<line number="1424" hits="0"/>
						<line number="1429" hits="1"/>
						<line number="1457" hits="0"/>
						<line number="1462" hits="1"/>
						<line number="1497" hits="0"/>
						<line number="1503" hits="1"/>
						<line number="1534" hits="0"/>
						<line number="1539" hits="1"/>
						<line number="1565" hits="0"/>
						<line number="1567" hits="1"/>
						<line number="1595" hits="0"/>
						<line number="1600" hits="1"/>
						<line number="1638" hits="0"/>
						<line number="1644" hits="1"/>
						<line number="1679" hits="0"/>
						<line number="1685" hits="1"/>
						<line number="1718" hits="0"/>
						<line number="1724" hits="1"/>
						<line number="1753" hits="0"/>
						<line number="1758" hits="1"/>
						<line number="1787" hits="0"/>
						<line number="1792" hits="1"/>
						<line number="1821" hits="0"/>
						<line number="1826" hits="1"/>
						<line number="1855" hits="0"/>
						<line number="1860" hits="1"/>
						<line number="1892" hits="0"/>
						<line number="1897" hits="1"/>
						<line number="1924" hits="0"/>
					</lines>
				</class>
				<class name="uiinstr.py" filename="rws/rapid/uiinstr.py" complexity="0" line-rate="0.5789" branch-rate="1">
					<methods/>
					<lines>
						<line number="11" hits="1"/>
						<line number="13" hits="1"/>
						<line number="15" hits="1"/>
						<line number="18" hits="1"/>
						<line number="40" hits="0"/>
						<line number="42" hits="1"/>
						<line number="69" hits="0"/>
						<line number="74" hits="1"/>
						<line number="100" hits="0"/>
						<line number="105" hits="1"/>
						<line number="127" hits="0"/>
						<line number="129" hits="1"/>
						<line number="156" hits="0"/>
						<line number="161" hits="1"/>
						<line number="196" hits="0"/>
						<line number="202" hits="1"/>
						<line number="231" hits="0"/>
						<line number="233" hits="1"/>
						<line number="260" hits="0"/>
					</lines>
				</class>
			</classes>
		</package>
		<package name="rws.rw" line-rate="0.8" branch-rate="1" complexity="0">
			<classes>
				<class name="__init__.py" filename="rws/rw/__init__.py" complexity="0" line-rate="1" branch-rate="1">
					<methods/>
					<lines/>
				</class>
				<class name="misc.py" filename="rws/rw/misc.py" complexity="0" line-rate="0.8" branch-rate="1">
					<methods/>
					<lines>
						<line number="11" hits="1"/>
						<line number="13" hits="1"/>
						<line number="15" hits="1"/>
						<line number="18" hits="1"/>
						<line number="40" hits="0"/>
					</lines>
				</class>
			</classes>
		</package>
		<package name="rws.users" line-rate="0.6304" branch-rate="1" complexity="0">
			<classes>
				<class name="__init__.py" filename="rws/users/__init__.py" complexity="0" line-rate="1" branch-rate="1">
					<methods/>
					<lines/>
				</class>
				<class name="grants.py" filename="rws/users/grants.py" complexity="0" line-rate="0.8" branch-rate="1">
					<methods/>
					<lines>
						<line number="11" hits="1"/>
						<line number="13" hits="1"/>
						<line number="15" hits="1"/>
						<line number="18" hits="1"/>
						<line number="39" hits="0"/>
					</lines>
				</class>
				<class name="remote.py" filename="rws/users/remote.py" complexity="0" line-rate="0.6364" branch-rate="1">
					<methods/>
					<lines>
						<line number="11" hits="1"/>
						<line number="13" hits="1"/>
						<line number="15" hits="1"/>
						<line number="18" hits="1"/>
						<line number="45" hits="0"/>
						<line number="50" hits="1"/>
						<line number="78" hits="0"/>
						<line number="83" hits="1"/>
						<line number="110" hits="0"/>
						<line number="115" hits="1"/>
						<line number="144" hits="0"/>
					</lines>
				</class>
				<class name="rmmp.py" filename="rws/users/rmmp.py" complexity="0" line-rate="0.5882" branch-rate="1">
					<methods/>
					<lines>
						<line number="11" hits="1"/>
						<line number="13" hits="1"/>
						<line number="15" hits="1"/>
						<line number="18" hits="1"/>
						<line number="39" hits="0"/>
						<line number="41" hits="1"/>
						<line number="66" hits="0"/>
						<line number="71" hits="1"/>
						<line number="93" hits="0"/>
						<line number="95" hits="1"/>
						<line number="121" hits="0"/>
						<line number="126" hits="1"/>
						<line number="151" hits="0"/>
						<line number="156" hits="1"/>
						<line number="185" hits="0"/>
						<line number="190" hits="1"/>
						<line number="212" hits="0"/>
					</lines>
				</class>
				<class name="users.py" filename="rws/users/users.py" complexity="0" line-rate="0.6154" branch-rate="1">
					<methods/>
					<lines>
						<line number="11" hits="1"/>
						<line number="13" hits="1"/>
						<line number="15" hits="1"/>
						<line number="18" hits="1"/>
						<line number="43" hits="0"/>
						<line number="48" hits="1"/>
						<line number="74" hits="0"/>
						<line number="79" hits="1"/>
						<line number="103" hits="0"/>
						<line number="105" hits="1"/>
						<line number="131" hits="0"/>
						<line number="136" hits="1"/>
						<line number="165" hits="0"/>
					</lines>
				</class>
			</classes>
		</package>
	</packages>
</coverage>
