<?xml version="1.0" ?>
<coverage version="7.15.0" timestamp="1783665288728" lines-valid="1295" lines-covered="658" line-rate="0.5081" branches-valid="78" branches-covered="0" branch-rate="0" complexity="0">
	<!-- Generated by coverage.py: https://coverage.readthedocs.io/en/7.15.0 -->
	<!-- Based on https://raw.githubusercontent.com/cobertura/web/master/htdocs/xml/coverage-04.dtd -->
	<sources>
		<source>C:\Users\cleme\Documents\GitLab_ENSAM\abb_rws_client_python_rw6\abb_rws_client</source>
	</sources>
	<packages>
		<package name="." line-rate="1" branch-rate="1" complexity="0">
			<classes>
				<class name="__init__.py" filename="__init__.py" complexity="0" line-rate="1" branch-rate="1">
					<methods/>
					<lines/>
				</class>
			</classes>
		</package>
		<package name="_core" line-rate="0.3495" branch-rate="0" complexity="0">
			<classes>
				<class name="__init__.py" filename="_core/__init__.py" complexity="0" line-rate="1" branch-rate="1">
					<methods/>
					<lines/>
				</class>
				<class name="client.py" filename="_core/client.py" complexity="0" line-rate="0.3014" branch-rate="0">
					<methods/>
					<lines>
						<line number="34" hits="1"/>
						<line number="36" hits="1"/>
						<line number="37" hits="1"/>
						<line number="38" hits="1"/>
						<line number="39" hits="1"/>
						<line number="40" hits="1"/>
						<line number="42" hits="1"/>
						<line number="44" hits="1"/>
						<line number="52" hits="1"/>
						<line number="59" hits="1"/>
						<line number="62" hits="1"/>
						<line number="65" hits="1"/>
						<line number="68" hits="1"/>
						<line number="80" hits="1"/>
						<line number="93" hits="0"/>
						<line number="96" hits="1"/>
						<line number="111" hits="0"/>
						<line number="112" hits="0" branch="true" condition-coverage="0% (0/2)" missing-branches="113,114"/>
						<line number="113" hits="0"/>
						<line number="114" hits="0" branch="true" condition-coverage="0% (0/2)" missing-branches="115,116"/>
						<line number="115" hits="0"/>
						<line number="116" hits="0" branch="true" condition-coverage="0% (0/2)" missing-branches="exit,117"/>
						<line number="117" hits="0"/>
						<line number="123" hits="1"/>
						<line number="136" hits="0"/>
						<line number="137" hits="0"/>
						<line number="138" hits="0"/>
						<line number="146" hits="1"/>
						<line number="164" hits="1"/>
						<line number="172" hits="0"/>
						<line number="173" hits="0"/>
						<line number="174" hits="0"/>
						<line number="175" hits="0"/>
						<line number="176" hits="0"/>
						<line number="177" hits="0"/>
						<line number="178" hits="0"/>
						<line number="182" hits="1"/>
						<line number="191" hits="0" branch="true" condition-coverage="0% (0/2)" missing-branches="192,193"/>
						<line number="192" hits="0"/>
						<line number="193" hits="0"/>
						<line number="199" hits="0"/>
						<line number="201" hits="1"/>
						<line number="207" hits="0" branch="true" condition-coverage="0% (0/2)" missing-branches="208,209"/>
						<line number="208" hits="0"/>
						<line number="209" hits="0"/>
						<line number="210" hits="0"/>
						<line number="211" hits="0"/>
						<line number="213" hits="1"/>
						<line number="214" hits="0"/>
						<line number="215" hits="0"/>
						<line number="217" hits="1"/>
						<line number="223" hits="0"/>
						<line number="225" hits="1"/>
						<line number="226" hits="0"/>
						<line number="227" hits="0"/>
						<line number="231" hits="1"/>
						<line number="261" hits="0" branch="true" condition-coverage="0% (0/2)" missing-branches="262,266"/>
						<line number="262" hits="0"/>
						<line number="266" hits="0"/>
						<line number="267" hits="0" branch="true" condition-coverage="0% (0/2)" missing-branches="268,287"/>
						<line number="268" hits="0"/>
						<line number="269" hits="0"/>
						<line number="270" hits="0"/>
						<line number="271" hits="0"/>
						<line number="272" hits="0"/>
						<line number="273" hits="0"/>
						<line number="274" hits="0" branch="true" condition-coverage="0% (0/2)" missing-branches="267,275"/>
						<line number="275" hits="0"/>
						<line number="276" hits="0"/>
						<line number="285" hits="0"/>
						<line number="287" hits="0"/>
						<line number="288" hits="0" branch="true" condition-coverage="0% (0/2)" missing-branches="289,292"/>
						<line number="289" hits="0"/>
						<line number="292" hits="0"/>
						<line number="298" hits="1"/>
						<line number="320" hits="0"/>
						<line number="322" hits="1"/>
						<line number="344" hits="0"/>
						<line number="346" hits="1"/>
						<line number="371" hits="0"/>
						<line number="373" hits="1"/>
						<line number="395" hits="0"/>
						<line number="397" hits="1"/>
						<line number="423" hits="0"/>
						<line number="425" hits="1"/>
						<line number="451" hits="0"/>
						<line number="459" hits="1"/>
						<line number="480" hits="1"/>
						<line number="488" hits="0"/>
						<line number="489" hits="0"/>
						<line number="490" hits="0"/>
						<line number="491" hits="0"/>
						<line number="492" hits="0"/>
						<line number="493" hits="0"/>
						<line number="494" hits="0"/>
						<line number="498" hits="1"/>
						<line number="504" hits="0" branch="true" condition-coverage="0% (0/2)" missing-branches="505,506"/>
						<line number="505" hits="0"/>
						<line number="506" hits="0"/>
						<line number="512" hits="0"/>
						<line number="514" hits="1"/>
						<line number="520" hits="0" branch="true" condition-coverage="0% (0/2)" missing-branches="521,522"/>
						<line number="521" hits="0"/>
						<line number="522" hits="0"/>
						<line number="523" hits="0"/>
						<line number="524" hits="0"/>
						<line number="526" hits="1"/>
						<line number="527" hits="0"/>
						<line number="528" hits="0"/>
						<line number="530" hits="1"/>
						<line number="536" hits="0"/>
						<line number="538" hits="1"/>
						<line number="539" hits="0"/>
						<line number="540" hits="0"/>
						<line number="544" hits="1"/>
						<line number="567" hits="0" branch="true" condition-coverage="0% (0/2)" missing-branches="568,572"/>
						<line number="568" hits="0"/>
						<line number="572" hits="0"/>
						<line number="574" hits="0"/>
						<line number="575" hits="0" branch="true" condition-coverage="0% (0/2)" missing-branches="576,595"/>
						<line number="576" hits="0"/>
						<line number="577" hits="0"/>
						<line number="578" hits="0"/>
						<line number="579" hits="0"/>
						<line number="580" hits="0"/>
						<line number="581" hits="0"/>
						<line number="582" hits="0" branch="true" condition-coverage="0% (0/2)" missing-branches="575,583"/>
						<line number="583" hits="0"/>
						<line number="584" hits="0"/>
						<line number="593" hits="0"/>
						<line number="595" hits="0"/>
						<line number="596" hits="0" branch="true" condition-coverage="0% (0/2)" missing-branches="597,600"/>
						<line number="597" hits="0"/>
						<line number="600" hits="0"/>
						<line number="606" hits="1"/>
						<line number="628" hits="0"/>
						<line number="630" hits="1"/>
						<line number="652" hits="0"/>
						<line number="654" hits="1"/>
						<line number="679" hits="0"/>
						<line number="681" hits="1"/>
						<line number="703" hits="0"/>
						<line number="705" hits="1"/>
						<line number="727" hits="0"/>
						<line number="729" hits="1"/>
						<line number="751" hits="0"/>
					</lines>
				</class>
				<class name="exceptions.py" filename="_core/exceptions.py" complexity="0" line-rate="0.5532" branch-rate="0">
					<methods/>
					<lines>
						<line number="26" hits="1"/>
						<line number="33" hits="1"/>
						<line number="226" hits="1"/>
						<line number="242" hits="0"/>
						<line number="250" hits="1"/>
						<line number="268" hits="1"/>
						<line number="269" hits="1"/>
						<line number="271" hits="1"/>
						<line number="272" hits="0"/>
						<line number="273" hits="0"/>
						<line number="274" hits="0"/>
						<line number="276" hits="1"/>
						<line number="277" hits="0" branch="true" condition-coverage="0% (0/2)" missing-branches="278,283"/>
						<line number="278" hits="0"/>
						<line number="283" hits="0"/>
						<line number="291" hits="1"/>
						<line number="305" hits="1"/>
						<line number="324" hits="1"/>
						<line number="337" hits="1"/>
						<line number="338" hits="0"/>
						<line number="341" hits="1"/>
						<line number="356" hits="1"/>
						<line number="357" hits="1"/>
						<line number="359" hits="1"/>
						<line number="365" hits="0"/>
						<line number="366" hits="0"/>
						<line number="367" hits="0"/>
						<line number="369" hits="1"/>
						<line number="370" hits="0"/>
						<line number="371" hits="0" branch="true" condition-coverage="0% (0/2)" missing-branches="372,373"/>
						<line number="372" hits="0"/>
						<line number="373" hits="0" branch="true" condition-coverage="0% (0/2)" missing-branches="374,375"/>
						<line number="374" hits="0"/>
						<line number="375" hits="0"/>
						<line number="378" hits="1"/>
						<line number="394" hits="1"/>
						<line number="396" hits="1"/>
						<line number="397" hits="0"/>
						<line number="402" hits="0"/>
						<line number="410" hits="1"/>
						<line number="421" hits="1"/>
						<line number="438" hits="1"/>
						<line number="439" hits="0"/>
						<line number="442" hits="1"/>
						<line number="455" hits="1"/>
						<line number="456" hits="0"/>
						<line number="464" hits="1"/>
					</lines>
				</class>
				<class name="serializers.py" filename="_core/serializers.py" complexity="0" line-rate="0.3229" branch-rate="0">
					<methods/>
					<lines>
						<line number="14" hits="1"/>
						<line number="16" hits="1"/>
						<line number="17" hits="1"/>
						<line number="18" hits="1"/>
						<line number="20" hits="1"/>
						<line number="23" hits="1"/>
						<line number="24" hits="1"/>
						<line number="26" hits="1"/>
						<line number="36" hits="1"/>
						<line number="39" hits="1"/>
						<line number="40" hits="1"/>
						<line number="66" hits="1"/>
						<line number="67" hits="1"/>
						<line number="68" hits="1"/>
						<line number="69" hits="1"/>
						<line number="70" hits="1"/>
						<line number="71" hits="1"/>
						<line number="72" hits="1"/>
						<line number="73" hits="1"/>
						<line number="74" hits="1"/>
						<line number="75" hits="1"/>
						<line number="76" hits="1"/>
						<line number="77" hits="1"/>
						<line number="79" hits="1"/>
						<line number="80" hits="0" branch="true" condition-coverage="0% (0/2)" missing-branches="exit,81"/>
						<line number="81" hits="0"/>
						<line number="84" hits="1"/>
						<line number="87" hits="1"/>
						<line number="107" hits="0" branch="true" condition-coverage="0% (0/2)" missing-branches="108,109"/>
						<line number="108" hits="0"/>
						<line number="109" hits="0" branch="true" condition-coverage="0% (0/2)" missing-branches="110,111"/>
						<line number="110" hits="0"/>
						<line number="111" hits="0"/>
						<line number="114" hits="1"/>
						<line number="134" hits="0"/>
						<line number="135" hits="0" branch="true" condition-coverage="0% (0/2)" missing-branches="136,139"/>
						<line number="136" hits="0"/>
						<line number="139" hits="0"/>
						<line number="140" hits="0"/>
						<line number="141" hits="0"/>
						<line number="142" hits="0"/>
						<line number="145" hits="1"/>
						<line number="161" hits="0"/>
						<line number="162" hits="0"/>
						<line number="163" hits="0"/>
						<line number="164" hits="0"/>
						<line number="165" hits="0"/>
						<line number="168" hits="1"/>
						<line number="189" hits="0"/>
						<line number="190" hits="0" branch="true" condition-coverage="0% (0/2)" missing-branches="191,192"/>
						<line number="191" hits="0"/>
						<line number="192" hits="0"/>
						<line number="193" hits="0"/>
						<line number="194" hits="0"/>
						<line number="195" hits="0"/>
						<line number="196" hits="0"/>
						<line number="212" hits="1"/>
						<line number="235" hits="0" branch="true" condition-coverage="0% (0/2)" missing-branches="236,239"/>
						<line number="236" hits="0"/>
						<line number="239" hits="0" branch="true" condition-coverage="0% (0/2)" missing-branches="241,246"/>
						<line number="241" hits="0" branch="true" condition-coverage="0% (0/2)" missing-branches="242,245"/>
						<line number="242" hits="0"/>
						<line number="245" hits="0"/>
						<line number="246" hits="0" branch="true" condition-coverage="0% (0/2)" missing-branches="247,252"/>
						<line number="247" hits="0" branch="true" condition-coverage="0% (0/2)" missing-branches="248,251"/>
						<line number="248" hits="0"/>
						<line number="251" hits="0"/>
						<line number="252" hits="0" branch="true" condition-coverage="0% (0/2)" missing-branches="253,258"/>
						<line number="253" hits="0" branch="true" condition-coverage="0% (0/2)" missing-branches="254,257"/>
						<line number="254" hits="0"/>
						<line number="257" hits="0"/>
						<line number="258" hits="0" branch="true" condition-coverage="0% (0/2)" missing-branches="259,264"/>
						<line number="259" hits="0" branch="true" condition-coverage="0% (0/2)" missing-branches="260,263"/>
						<line number="260" hits="0"/>
						<line number="263" hits="0"/>
						<line number="264" hits="0"/>
						<line number="267" hits="1"/>
						<line number="289" hits="0" branch="true" condition-coverage="0% (0/2)" missing-branches="290,293"/>
						<line number="290" hits="0"/>
						<line number="293" hits="0" branch="true" condition-coverage="0% (0/2)" missing-branches="294,298"/>
						<line number="294" hits="0"/>
						<line number="295" hits="0"/>
						<line number="296" hits="0"/>
						<line number="297" hits="0"/>
						<line number="298" hits="0" branch="true" condition-coverage="0% (0/2)" missing-branches="299,305"/>
						<line number="299" hits="0"/>
						<line number="300" hits="0" branch="true" condition-coverage="0% (0/2)" missing-branches="301,302"/>
						<line number="301" hits="0"/>
						<line number="302" hits="0" branch="true" condition-coverage="0% (0/2)" missing-branches="303,304"/>
						<line number="303" hits="0"/>
						<line number="304" hits="0"/>
						<line number="305" hits="0" branch="true" condition-coverage="0% (0/2)" missing-branches="306,307"/>
						<line number="306" hits="0"/>
						<line number="307" hits="0" branch="true" condition-coverage="0% (0/2)" missing-branches="308,309"/>
						<line number="308" hits="0"/>
						<line number="309" hits="0"/>
					</lines>
				</class>
			</classes>
		</package>
		<package name="rws" line-rate="0.5479" branch-rate="1" complexity="0">
			<classes>
				<class name="__init__.py" filename="rws/__init__.py" complexity="0" line-rate="1" branch-rate="1">
					<methods/>
					<lines/>
				</class>
				<class name="cfg.py" filename="rws/cfg.py" complexity="0" line-rate="0.5319" branch-rate="1">
					<methods/>
					<lines>
						<line number="11" hits="1"/>
						<line number="13" hits="1"/>
						<line number="15" hits="1"/>
						<line number="18" hits="1"/>
						<line number="39" hits="0"/>
						<line number="41" hits="1"/>
						<line number="67" hits="0"/>
						<line number="69" hits="1"/>
						<line number="95" hits="0"/>
						<line number="97" hits="1"/>
						<line number="123" hits="0"/>
						<line number="125" hits="1"/>
						<line number="153" hits="0"/>
						<line number="155" hits="1"/>
						<line number="191" hits="0"/>
						<line number="193" hits="1"/>
						<line number="221" hits="0"/>
						<line number="223" hits="1"/>
						<line number="251" hits="0"/>
						<line number="253" hits="1"/>
						<line number="282" hits="0"/>
						<line number="284" hits="1"/>
						<line number="312" hits="0"/>
						<line number="314" hits="1"/>
						<line number="342" hits="0"/>
						<line number="344" hits="1"/>
						<line number="372" hits="0"/>
						<line number="374" hits="1"/>
						<line number="402" hits="0"/>
						<line number="404" hits="1"/>
						<line number="432" hits="0"/>
						<line number="434" hits="1"/>
						<line number="462" hits="0"/>
						<line number="464" hits="1"/>
						<line number="494" hits="0"/>
						<line number="496" hits="1"/>
						<line number="526" hits="0"/>
						<line number="528" hits="1"/>
						<line number="558" hits="0"/>
						<line number="560" hits="1"/>
						<line number="590" hits="0"/>
						<line number="592" hits="1"/>
						<line number="624" hits="0"/>
						<line number="626" hits="1"/>
						<line number="660" hits="0"/>
						<line number="662" hits="1"/>
						<line number="692" hits="0"/>
					</lines>
				</class>
				<class name="devices.py" filename="rws/devices.py" complexity="0" line-rate="0.8" branch-rate="1">
					<methods/>
					<lines>
						<line number="11" hits="1"/>
						<line number="13" hits="1"/>
						<line number="15" hits="1"/>
						<line number="18" hits="1"/>
						<line number="44" hits="0"/>
					</lines>
				</class>
				<class name="dipc.py" filename="rws/dipc.py" complexity="0" line-rate="0.5652" branch-rate="1">
					<methods/>
					<lines>
						<line number="11" hits="1"/>
						<line number="13" hits="1"/>
						<line number="15" hits="1"/>
						<line number="18" hits="1"/>
						<line number="40" hits="0"/>
						<line number="42" hits="1"/>
						<line number="64" hits="0"/>
						<line number="66" hits="1"/>
						<line number="92" hits="0"/>
						<line number="94" hits="1"/>
						<line number="120" hits="0"/>
						<line number="122" hits="1"/>
						<line number="150" hits="0"/>
						<line number="152" hits="1"/>
						<line number="180" hits="0"/>
						<line number="182" hits="1"/>
						<line number="212" hits="0"/>
						<line number="214" hits="1"/>
						<line number="240" hits="0"/>
						<line number="242" hits="1"/>
						<line number="270" hits="0"/>
						<line number="272" hits="1"/>
						<line number="299" hits="0"/>
					</lines>
				</class>
				<class name="elog.py" filename="rws/elog.py" complexity="0" line-rate="0.5714" branch-rate="1">
					<methods/>
					<lines>
						<line number="11" hits="1"/>
						<line number="13" hits="1"/>
						<line number="15" hits="1"/>
						<line number="18" hits="1"/>
						<line number="49" hits="0"/>
						<line number="51" hits="1"/>
						<line number="76" hits="0"/>
						<line number="78" hits="1"/>
						<line number="104" hits="0"/>
						<line number="106" hits="1"/>
						<line number="134" hits="0"/>
						<line number="136" hits="1"/>
						<line number="170" hits="0"/>
						<line number="172" hits="1"/>
						<line number="198" hits="0"/>
						<line number="200" hits="1"/>
						<line number="228" hits="0"/>
						<line number="230" hits="1"/>
						<line number="258" hits="0"/>
						<line number="260" hits="1"/>
						<line number="292" hits="0"/>
					</lines>
				</class>
				<class name="fileservice.py" filename="rws/fileservice.py" complexity="0" line-rate="0.5484" branch-rate="1">
					<methods/>
					<lines>
						<line number="11" hits="1"/>
						<line number="13" hits="1"/>
						<line number="15" hits="1"/>
						<line number="18" hits="1"/>
						<line number="40" hits="0"/>
						<line number="42" hits="1"/>
						<line number="70" hits="0"/>
						<line number="72" hits="1"/>
						<line number="102" hits="0"/>
						<line number="104" hits="1"/>
						<line number="132" hits="0"/>
						<line number="134" hits="1"/>
						<line number="162" hits="0"/>
						<line number="164" hits="1"/>
						<line number="192" hits="0"/>
						<line number="194" hits="1"/>
						<line number="222" hits="0"/>
						<line number="224" hits="1"/>
						<line number="254" hits="0"/>
						<line number="256" hits="1"/>
						<line number="288" hits="0"/>
						<line number="290" hits="1"/>
						<line number="318" hits="0"/>
						<line number="320" hits="1"/>
						<line number="348" hits="0"/>
						<line number="350" hits="1"/>
						<line number="378" hits="0"/>
						<line number="380" hits="1"/>
						<line number="408" hits="0"/>
						<line number="410" hits="1"/>
						<line number="438" hits="0"/>
					</lines>
				</class>
				<class name="mastership.py" filename="rws/mastership.py" complexity="0" line-rate="0.5652" branch-rate="1">
					<methods/>
					<lines>
						<line number="11" hits="1"/>
						<line number="13" hits="1"/>
						<line number="15" hits="1"/>
						<line number="18" hits="1"/>
						<line number="40" hits="0"/>
						<line number="42" hits="1"/>
						<line number="68" hits="0"/>
						<line number="70" hits="1"/>
						<line number="96" hits="0"/>
						<line number="98" hits="1"/>
						<line number="124" hits="0"/>
						<line number="126" hits="1"/>
						<line number="154" hits="0"/>
						<line number="156" hits="1"/>
						<line number="182" hits="0"/>
						<line number="184" hits="1"/>
						<line number="212" hits="0"/>
						<line number="214" hits="1"/>
						<line number="242" hits="0"/>
						<line number="244" hits="1"/>
						<line number="272" hits="0"/>
						<line number="274" hits="1"/>
						<line number="302" hits="0"/>
					</lines>
				</class>
				<class name="motionsystem.py" filename="rws/motionsystem.py" complexity="0" line-rate="0.5115" branch-rate="1">
					<methods/>
					<lines>
						<line number="11" hits="1"/>
						<line number="13" hits="1"/>
						<line number="15" hits="1"/>
						<line number="18" hits="1"/>
						<line number="45" hits="0"/>
						<line number="47" hits="1"/>
						<line number="72" hits="0"/>
						<line number="74" hits="1"/>
						<line number="101" hits="0"/>
						<line number="103" hits="1"/>
						<line number="144" hits="0"/>
						<line number="146" hits="1"/>
						<line number="191" hits="0"/>
						<line number="193" hits="1"/>
						<line number="218" hits="0"/>
						<line number="220" hits="1"/>
						<line number="248" hits="0"/>
						<line number="250" hits="1"/>
						<line number="270" hits="0"/>
						<line number="272" hits="1"/>
						<line number="297" hits="0"/>
						<line number="299" hits="1"/>
						<line number="324" hits="0"/>
						<line number="326" hits="1"/>
						<line number="355" hits="0"/>
						<line number="357" hits="1"/>
						<line number="386" hits="0"/>
						<line number="388" hits="1"/>
						<line number="413" hits="0"/>
						<line number="415" hits="1"/>
						<line number="442" hits="0"/>
						<line number="444" hits="1"/>
						<line number="469" hits="0"/>
						<line number="471" hits="1"/>
						<line number="496" hits="0"/>
						<line number="498" hits="1"/>
						<line number="527" hits="0"/>
						<line number="529" hits="1"/>
						<line number="558" hits="0"/>
						<line number="560" hits="1"/>
						<line number="581" hits="0"/>
						<line number="583" hits="1"/>
						<line number="608" hits="0"/>
						<line number="610" hits="1"/>
						<line number="637" hits="0"/>
						<line number="639" hits="1"/>
						<line number="660" hits="0"/>
						<line number="662" hits="1"/>
						<line number="691" hits="0"/>
						<line number="693" hits="1"/>
						<line number="720" hits="0"/>
						<line number="722" hits="1"/>
						<line number="765" hits="0"/>
						<line number="767" hits="1"/>
						<line number="796" hits="0"/>
						<line number="798" hits="1"/>
						<line number="825" hits="0"/>
						<line number="827" hits="1"/>
						<line number="856" hits="0"/>
						<line number="858" hits="1"/>
						<line number="887" hits="0"/>
						<line number="889" hits="1"/>
						<line number="914" hits="0"/>
						<line number="916" hits="1"/>
						<line number="949" hits="0"/>
						<line number="951" hits="1"/>
						<line number="982" hits="0"/>
						<line number="984" hits="1"/>
						<line number="1015" hits="0"/>
						<line number="1017" hits="1"/>
						<line number="1042" hits="0"/>
						<line number="1044" hits="1"/>
						<line number="1072" hits="0"/>
						<line number="1074" hits="1"/>
						<line number="1121" hits="0"/>
						<line number="1123" hits="1"/>
						<line number="1162" hits="0"/>
						<line number="1164" hits="1"/>
						<line number="1205" hits="0"/>
						<line number="1207" hits="1"/>
						<line number="1254" hits="0"/>
						<line number="1256" hits="1"/>
						<line number="1281" hits="0"/>
						<line number="1283" hits="1"/>
						<line number="1328" hits="0"/>
						<line number="1330" hits="1"/>
						<line number="1375" hits="0"/>
						<line number="1377" hits="1"/>
						<line number="1422" hits="0"/>
						<line number="1424" hits="1"/>
						<line number="1469" hits="0"/>
						<line number="1471" hits="1"/>
						<line number="1516" hits="0"/>
						<line number="1518" hits="1"/>
						<line number="1563" hits="0"/>
						<line number="1565" hits="1"/>
						<line number="1610" hits="0"/>
						<line number="1612" hits="1"/>
						<line number="1657" hits="0"/>
						<line number="1659" hits="1"/>
						<line number="1704" hits="0"/>
						<line number="1706" hits="1"/>
						<line number="1731" hits="0"/>
						<line number="1733" hits="1"/>
						<line number="1760" hits="0"/>
						<line number="1762" hits="1"/>
						<line number="1803" hits="0"/>
						<line number="1805" hits="1"/>
						<line number="1830" hits="0"/>
						<line number="1832" hits="1"/>
						<line number="1859" hits="0"/>
						<line number="1861" hits="1"/>
						<line number="1890" hits="0"/>
						<line number="1892" hits="1"/>
						<line number="1921" hits="0"/>
						<line number="1923" hits="1"/>
						<line number="1966" hits="0"/>
						<line number="1968" hits="1"/>
						<line number="1997" hits="0"/>
						<line number="1999" hits="1"/>
						<line number="2030" hits="0"/>
						<line number="2032" hits="1"/>
						<line number="2060" hits="0"/>
						<line number="2062" hits="1"/>
						<line number="2090" hits="0"/>
						<line number="2092" hits="1"/>
						<line number="2116" hits="0"/>
						<line number="2118" hits="1"/>
						<line number="2145" hits="0"/>
						<line number="2147" hits="1"/>
						<line number="2172" hits="0"/>
					</lines>
				</class>
				<class name="operations_on_io_profinet_device.py" filename="rws/operations_on_io_profinet_device.py" complexity="0" line-rate="0.5714" branch-rate="1">
					<methods/>
					<lines>
						<line number="11" hits="1"/>
						<line number="13" hits="1"/>
						<line number="15" hits="1"/>
						<line number="18" hits="1"/>
						<line number="58" hits="0"/>
						<line number="60" hits="1"/>
						<line number="102" hits="0"/>
						<line number="104" hits="1"/>
						<line number="132" hits="0"/>
						<line number="134" hits="1"/>
						<line number="170" hits="0"/>
						<line number="172" hits="1"/>
						<line number="208" hits="0"/>
						<line number="210" hits="1"/>
						<line number="238" hits="0"/>
						<line number="240" hits="1"/>
						<line number="268" hits="0"/>
						<line number="270" hits="1"/>
						<line number="298" hits="0"/>
						<line number="300" hits="1"/>
						<line number="328" hits="0"/>
					</lines>
				</class>
				<class name="panel.py" filename="rws/panel.py" complexity="0" line-rate="0.5319" branch-rate="1">
					<methods/>
					<lines>
						<line number="11" hits="1"/>
						<line number="13" hits="1"/>
						<line number="15" hits="1"/>
						<line number="18" hits="1"/>
						<line number="40" hits="0"/>
						<line number="42" hits="1"/>
						<line number="64" hits="0"/>
						<line number="66" hits="1"/>
						<line number="94" hits="0"/>
						<line number="96" hits="1"/>
						<line number="124" hits="0"/>
						<line number="126" hits="1"/>
						<line number="148" hits="0"/>
						<line number="150" hits="1"/>
						<line number="176" hits="0"/>
						<line number="178" hits="1"/>
						<line number="206" hits="0"/>
						<line number="208" hits="1"/>
						<line number="236" hits="0"/>
						<line number="238" hits="1"/>
						<line number="260" hits="0"/>
						<line number="262" hits="1"/>
						<line number="288" hits="0"/>
						<line number="290" hits="1"/>
						<line number="318" hits="0"/>
						<line number="320" hits="1"/>
						<line number="348" hits="0"/>
						<line number="350" hits="1"/>
						<line number="376" hits="0"/>
						<line number="378" hits="1"/>
						<line number="408" hits="0"/>
						<line number="410" hits="1"/>
						<line number="438" hits="0"/>
						<line number="440" hits="1"/>
						<line number="462" hits="0"/>
						<line number="464" hits="1"/>
						<line number="490" hits="0"/>
						<line number="492" hits="1"/>
						<line number="520" hits="0"/>
						<line number="522" hits="1"/>
						<line number="550" hits="0"/>
						<line number="552" hits="1"/>
						<line number="574" hits="0"/>
						<line number="576" hits="1"/>
						<line number="602" hits="0"/>
						<line number="604" hits="1"/>
						<line number="632" hits="0"/>
					</lines>
				</class>
				<class name="retcode.py" filename="rws/retcode.py" complexity="0" line-rate="0.8" branch-rate="1">
					<methods/>
					<lines>
						<line number="11" hits="1"/>
						<line number="13" hits="1"/>
						<line number="15" hits="1"/>
						<line number="18" hits="1"/>
						<line number="43" hits="0"/>
					</lines>
				</class>
				<class name="root.py" filename="rws/root.py" complexity="0" line-rate="0.7143" branch-rate="1">
					<methods/>
					<lines>
						<line number="11" hits="1"/>
						<line number="13" hits="1"/>
						<line number="15" hits="1"/>
						<line number="18" hits="1"/>
						<line number="40" hits="0"/>
						<line number="42" hits="1"/>
						<line number="64" hits="0"/>
					</lines>
				</class>
				<class name="subscription.py" filename="rws/subscription.py" complexity="0" line-rate="0.6" branch-rate="1">
					<methods/>
					<lines>
						<line number="11" hits="1"/>
						<line number="13" hits="1"/>
						<line number="15" hits="1"/>
						<line number="18" hits="1"/>
						<line number="44" hits="0"/>
						<line number="46" hits="1"/>
						<line number="74" hits="0"/>
						<line number="76" hits="1"/>
						<line number="104" hits="0"/>
						<line number="106" hits="1"/>
						<line number="136" hits="0"/>
						<line number="138" hits="1"/>
						<line number="164" hits="0"/>
						<line number="166" hits="1"/>
						<line number="194" hits="0"/>
					</lines>
				</class>
				<class name="system.py" filename="rws/system.py" complexity="0" line-rate="0.5652" branch-rate="1">
					<methods/>
					<lines>
						<line number="11" hits="1"/>
						<line number="13" hits="1"/>
						<line number="15" hits="1"/>
						<line number="18" hits="1"/>
						<line number="40" hits="0"/>
						<line number="42" hits="1"/>
						<line number="64" hits="0"/>
						<line number="66" hits="1"/>
						<line number="88" hits="0"/>
						<line number="90" hits="1"/>
						<line number="116" hits="0"/>
						<line number="118" hits="1"/>
						<line number="144" hits="0"/>
						<line number="146" hits="1"/>
						<line number="172" hits="0"/>
						<line number="174" hits="1"/>
						<line number="196" hits="0"/>
						<line number="198" hits="1"/>
						<line number="226" hits="0"/>
						<line number="228" hits="1"/>
						<line number="250" hits="0"/>
						<line number="252" hits="1"/>
						<line number="278" hits="0"/>
					</lines>
				</class>
				<class name="vision.py" filename="rws/vision.py" complexity="0" line-rate="0.5385" branch-rate="1">
					<methods/>
					<lines>
						<line number="11" hits="1"/>
						<line number="13" hits="1"/>
						<line number="15" hits="1"/>
						<line number="18" hits="1"/>
						<line number="40" hits="0"/>
						<line number="42" hits="1"/>
						<line number="68" hits="0"/>
						<line number="70" hits="1"/>
						<line number="98" hits="0"/>
						<line number="100" hits="1"/>
						<line number="126" hits="0"/>
						<line number="128" hits="1"/>
						<line number="156" hits="0"/>
						<line number="158" hits="1"/>
						<line number="186" hits="0"/>
						<line number="188" hits="1"/>
						<line number="216" hits="0"/>
						<line number="218" hits="1"/>
						<line number="248" hits="0"/>
						<line number="250" hits="1"/>
						<line number="276" hits="0"/>
						<line number="278" hits="1"/>
						<line number="308" hits="0"/>
						<line number="310" hits="1"/>
						<line number="338" hits="0"/>
						<line number="340" hits="1"/>
						<line number="372" hits="0"/>
						<line number="374" hits="1"/>
						<line number="402" hits="0"/>
						<line number="404" hits="1"/>
						<line number="432" hits="0"/>
						<line number="434" hits="1"/>
						<line number="464" hits="0"/>
						<line number="466" hits="1"/>
						<line number="498" hits="0"/>
						<line number="500" hits="1"/>
						<line number="534" hits="0"/>
						<line number="536" hits="1"/>
						<line number="564" hits="0"/>
					</lines>
				</class>
			</classes>
		</package>
		<package name="rws.ctrl" line-rate="0.5326" branch-rate="1" complexity="0">
			<classes>
				<class name="__init__.py" filename="rws/ctrl/__init__.py" complexity="0" line-rate="1" branch-rate="1">
					<methods/>
					<lines/>
				</class>
				<class name="backup.py" filename="rws/ctrl/backup.py" complexity="0" line-rate="0.5789" branch-rate="1">
					<methods/>
					<lines>
						<line number="11" hits="1"/>
						<line number="13" hits="1"/>
						<line number="15" hits="1"/>
						<line number="18" hits="1"/>
						<line number="39" hits="0"/>
						<line number="41" hits="1"/>
						<line number="67" hits="0"/>
						<line number="69" hits="1"/>
						<line number="99" hits="0"/>
						<line number="101" hits="1"/>
						<line number="129" hits="0"/>
						<line number="131" hits="1"/>
						<line number="157" hits="0"/>
						<line number="159" hits="1"/>
						<line number="185" hits="0"/>
						<line number="187" hits="1"/>
						<line number="215" hits="0"/>
						<line number="217" hits="1"/>
						<line number="243" hits="0"/>
					</lines>
				</class>
				<class name="clock.py" filename="rws/ctrl/clock.py" complexity="0" line-rate="0.5652" branch-rate="1">
					<methods/>
					<lines>
						<line number="11" hits="1"/>
						<line number="13" hits="1"/>
						<line number="15" hits="1"/>
						<line number="18" hits="1"/>
						<line number="40" hits="0"/>
						<line number="42" hits="1"/>
						<line number="68" hits="0"/>
						<line number="70" hits="1"/>
						<line number="92" hits="0"/>
						<line number="94" hits="1"/>
						<line number="116" hits="0"/>
						<line number="118" hits="1"/>
						<line number="140" hits="0"/>
						<line number="142" hits="1"/>
						<line number="164" hits="0"/>
						<line number="166" hits="1"/>
						<line number="188" hits="0"/>
						<line number="190" hits="1"/>
						<line number="212" hits="0"/>
						<line number="214" hits="1"/>
						<line number="240" hits="0"/>
						<line number="242" hits="1"/>
						<line number="270" hits="0"/>
					</lines>
				</class>
				<class name="ctrl.py" filename="rws/ctrl/ctrl.py" complexity="0" line-rate="0.5113" branch-rate="1">
					<methods/>
					<lines>
						<line number="11" hits="1"/>
						<line number="13" hits="1"/>
						<line number="15" hits="1"/>
						<line number="18" hits="1"/>
						<line number="40" hits="0"/>
						<line number="42" hits="1"/>
						<line number="68" hits="0"/>
						<line number="70" hits="1"/>
						<line number="95" hits="0"/>
						<line number="97" hits="1"/>
						<line number="119" hits="0"/>
						<line number="121" hits="1"/>
						<line number="147" hits="0"/>
						<line number="149" hits="1"/>
						<line number="171" hits="0"/>
						<line number="173" hits="1"/>
						<line number="199" hits="0"/>
						<line number="201" hits="1"/>
						<line number="227" hits="0"/>
						<line number="229" hits="1"/>
						<line number="255" hits="0"/>
						<line number="257" hits="1"/>
						<line number="283" hits="0"/>
						<line number="285" hits="1"/>
						<line number="311" hits="0"/>
						<line number="313" hits="1"/>
						<line number="339" hits="0"/>
						<line number="341" hits="1"/>
						<line number="363" hits="0"/>
						<line number="365" hits="1"/>
						<line number="387" hits="0"/>
						<line number="389" hits="1"/>
						<line number="415" hits="0"/>
						<line number="417" hits="1"/>
						<line number="445" hits="0"/>
						<line number="447" hits="1"/>
						<line number="477" hits="0"/>
						<line number="479" hits="1"/>
						<line number="507" hits="0"/>
						<line number="509" hits="1"/>
						<line number="535" hits="0"/>
						<line number="537" hits="1"/>
						<line number="563" hits="0"/>
						<line number="565" hits="1"/>
						<line number="586" hits="0"/>
						<line number="588" hits="1"/>
						<line number="614" hits="0"/>
						<line number="616" hits="1"/>
						<line number="642" hits="0"/>
						<line number="644" hits="1"/>
						<line number="665" hits="0"/>
						<line number="667" hits="1"/>
						<line number="689" hits="0"/>
						<line number="691" hits="1"/>
						<line number="713" hits="0"/>
						<line number="715" hits="1"/>
						<line number="737" hits="0"/>
						<line number="739" hits="1"/>
						<line number="761" hits="0"/>
						<line number="763" hits="1"/>
						<line number="785" hits="0"/>
						<line number="787" hits="1"/>
						<line number="813" hits="0"/>
						<line number="815" hits="1"/>
						<line number="841" hits="0"/>
						<line number="843" hits="1"/>
						<line number="865" hits="0"/>
						<line number="867" hits="1"/>
						<line number="893" hits="0"/>
						<line number="895" hits="1"/>
						<line number="921" hits="0"/>
						<line number="923" hits="1"/>
						<line number="951" hits="0"/>
						<line number="953" hits="1"/>
						<line number="981" hits="0"/>
						<line number="983" hits="1"/>
						<line number="1005" hits="0"/>
						<line number="1007" hits="1"/>
						<line number="1033" hits="0"/>
						<line number="1035" hits="1"/>
						<line number="1061" hits="0"/>
						<line number="1063" hits="1"/>
						<line number="1091" hits="0"/>
						<line number="1093" hits="1"/>
						<line number="1119" hits="0"/>
						<line number="1121" hits="1"/>
						<line number="1147" hits="0"/>
						<line number="1149" hits="1"/>
						<line number="1177" hits="0"/>
						<line number="1179" hits="1"/>
						<line number="1205" hits="0"/>
						<line number="1207" hits="1"/>
						<line number="1232" hits="0"/>
						<line number="1234" hits="1"/>
						<line number="1260" hits="0"/>
						<line number="1262" hits="1"/>
						<line number="1288" hits="0"/>
						<line number="1290" hits="1"/>
						<line number="1318" hits="0"/>
						<line number="1320" hits="1"/>
						<line number="1348" hits="0"/>
						<line number="1350" hits="1"/>
						<line number="1376" hits="0"/>
						<line number="1378" hits="1"/>
						<line number="1404" hits="0"/>
						<line number="1406" hits="1"/>
						<line number="1432" hits="0"/>
						<line number="1434" hits="1"/>
						<line number="1460" hits="0"/>
						<line number="1462" hits="1"/>
						<line number="1484" hits="0"/>
						<line number="1486" hits="1"/>
						<line number="1508" hits="0"/>
						<line number="1510" hits="1"/>
						<line number="1532" hits="0"/>
						<line number="1534" hits="1"/>
						<line number="1560" hits="0"/>
						<line number="1562" hits="1"/>
						<line number="1588" hits="0"/>
						<line number="1590" hits="1"/>
						<line number="1612" hits="0"/>
						<line number="1614" hits="1"/>
						<line number="1640" hits="0"/>
						<line number="1642" hits="1"/>
						<line number="1668" hits="0"/>
						<line number="1670" hits="1"/>
						<line number="1692" hits="0"/>
						<line number="1694" hits="1"/>
						<line number="1720" hits="0"/>
						<line number="1722" hits="1"/>
						<line number="1748" hits="0"/>
						<line number="1750" hits="1"/>
						<line number="1772" hits="0"/>
					</lines>
				</class>
				<class name="identity.py" filename="rws/ctrl/identity.py" complexity="0" line-rate="0.6667" branch-rate="1">
					<methods/>
					<lines>
						<line number="11" hits="1"/>
						<line number="13" hits="1"/>
						<line number="15" hits="1"/>
						<line number="18" hits="1"/>
						<line number="40" hits="0"/>
						<line number="42" hits="1"/>
						<line number="68" hits="0"/>
						<line number="70" hits="1"/>
						<line number="92" hits="0"/>
					</lines>
				</class>
			</classes>
		</package>
		<package name="rws.iosystem" line-rate="0.575" branch-rate="1" complexity="0">
			<classes>
				<class name="__init__.py" filename="rws/iosystem/__init__.py" complexity="0" line-rate="1" branch-rate="1">
					<methods/>
					<lines/>
				</class>
				<class name="devices.py" filename="rws/iosystem/devices.py" complexity="0" line-rate="0.6667" branch-rate="1">
					<methods/>
					<lines>
						<line number="11" hits="1"/>
						<line number="13" hits="1"/>
						<line number="15" hits="1"/>
						<line number="18" hits="1"/>
						<line number="40" hits="0"/>
						<line number="42" hits="1"/>
						<line number="68" hits="0"/>
						<line number="70" hits="1"/>
						<line number="104" hits="0"/>
					</lines>
				</class>
				<class name="iosystem.py" filename="rws/iosystem/iosystem.py" complexity="0" line-rate="0.5306" branch-rate="1">
					<methods/>
					<lines>
						<line number="11" hits="1"/>
						<line number="13" hits="1"/>
						<line number="15" hits="1"/>
						<line number="18" hits="1"/>
						<line number="40" hits="0"/>
						<line number="42" hits="1"/>
						<line number="68" hits="0"/>
						<line number="70" hits="1"/>
						<line number="98" hits="0"/>
						<line number="100" hits="1"/>
						<line number="130" hits="0"/>
						<line number="132" hits="1"/>
						<line number="160" hits="0"/>
						<line number="162" hits="1"/>
						<line number="192" hits="0"/>
						<line number="194" hits="1"/>
						<line number="224" hits="0"/>
						<line number="226" hits="1"/>
						<line number="252" hits="0"/>
						<line number="254" hits="1"/>
						<line number="282" hits="0"/>
						<line number="284" hits="1"/>
						<line number="314" hits="0"/>
						<line number="316" hits="1"/>
						<line number="344" hits="0"/>
						<line number="346" hits="1"/>
						<line number="380" hits="0"/>
						<line number="382" hits="1"/>
						<line number="416" hits="0"/>
						<line number="418" hits="1"/>
						<line number="448" hits="0"/>
						<line number="450" hits="1"/>
						<line number="478" hits="0"/>
						<line number="480" hits="1"/>
						<line number="514" hits="0"/>
						<line number="516" hits="1"/>
						<line number="542" hits="0"/>
						<line number="544" hits="1"/>
						<line number="574" hits="0"/>
						<line number="576" hits="1"/>
						<line number="608" hits="0"/>
						<line number="610" hits="1"/>
						<line number="644" hits="0"/>
						<line number="646" hits="1"/>
						<line number="675" hits="0"/>
						<line number="677" hits="1"/>
						<line number="705" hits="0"/>
						<line number="707" hits="1"/>
						<line number="741" hits="0"/>
					</lines>
				</class>
				<class name="networks.py" filename="rws/iosystem/networks.py" complexity="0" line-rate="0.6667" branch-rate="1">
					<methods/>
					<lines>
						<line number="11" hits="1"/>
						<line number="13" hits="1"/>
						<line number="15" hits="1"/>
						<line number="18" hits="1"/>
						<line number="40" hits="0"/>
						<line number="42" hits="1"/>
						<line number="68" hits="0"/>
						<line number="70" hits="1"/>
						<line number="98" hits="0"/>
					</lines>
				</class>
				<class name="signals.py" filename="rws/iosystem/signals.py" complexity="0" line-rate="0.6154" branch-rate="1">
					<methods/>
					<lines>
						<line number="11" hits="1"/>
						<line number="13" hits="1"/>
						<line number="15" hits="1"/>
						<line number="18" hits="1"/>
						<line number="40" hits="0"/>
						<line number="42" hits="1"/>
						<line number="92" hits="0"/>
						<line number="94" hits="1"/>
						<line number="144" hits="0"/>
						<line number="146" hits="1"/>
						<line number="172" hits="0"/>
						<line number="174" hits="1"/>
						<line number="200" hits="0"/>
					</lines>
				</class>
			</classes>
		</package>
		<package name="rws.rapid" line-rate="0.5534" branch-rate="1" complexity="0">
			<classes>
				<class name="__init__.py" filename="rws/rapid/__init__.py" complexity="0" line-rate="1" branch-rate="1">
					<methods/>
					<lines/>
				</class>
				<class name="aliasio.py" filename="rws/rapid/aliasio.py" complexity="0" line-rate="0.8" branch-rate="1">
					<methods/>
					<lines>
						<line number="11" hits="1"/>
						<line number="13" hits="1"/>
						<line number="15" hits="1"/>
						<line number="18" hits="1"/>
						<line number="46" hits="0"/>
					</lines>
				</class>
				<class name="execution.py" filename="rws/rapid/execution.py" complexity="0" line-rate="0.56" branch-rate="1">
					<methods/>
					<lines>
						<line number="11" hits="1"/>
						<line number="13" hits="1"/>
						<line number="15" hits="1"/>
						<line number="18" hits="1"/>
						<line number="44" hits="0"/>
						<line number="46" hits="1"/>
						<line number="72" hits="0"/>
						<line number="74" hits="1"/>
						<line number="112" hits="0"/>
						<line number="114" hits="1"/>
						<line number="144" hits="0"/>
						<line number="146" hits="1"/>
						<line number="172" hits="0"/>
						<line number="174" hits="1"/>
						<line number="200" hits="0"/>
						<line number="202" hits="1"/>
						<line number="230" hits="0"/>
						<line number="232" hits="1"/>
						<line number="262" hits="0"/>
						<line number="264" hits="1"/>
						<line number="294" hits="0"/>
						<line number="296" hits="1"/>
						<line number="324" hits="0"/>
						<line number="326" hits="1"/>
						<line number="354" hits="0"/>
					</lines>
				</class>
				<class name="modules.py" filename="rws/rapid/modules.py" complexity="0" line-rate="0.5283" branch-rate="1">
					<methods/>
					<lines>
						<line number="11" hits="1"/>
						<line number="13" hits="1"/>
						<line number="15" hits="1"/>
						<line number="18" hits="1"/>
						<line number="44" hits="0"/>
						<line number="46" hits="1"/>
						<line number="72" hits="0"/>
						<line number="74" hits="1"/>
						<line number="100" hits="0"/>
						<line number="102" hits="1"/>
						<line number="132" hits="0"/>
						<line number="134" hits="1"/>
						<line number="160" hits="0"/>
						<line number="162" hits="1"/>
						<line number="190" hits="0"/>
						<line number="192" hits="1"/>
						<line number="226" hits="0"/>
						<line number="228" hits="1"/>
						<line number="272" hits="0"/>
						<line number="274" hits="1"/>
						<line number="306" hits="0"/>
						<line number="308" hits="1"/>
						<line number="338" hits="0"/>
						<line number="340" hits="1"/>
						<line number="369" hits="0"/>
						<line number="371" hits="1"/>
						<line number="408" hits="0"/>
						<line number="410" hits="1"/>
						<line number="440" hits="0"/>
						<line number="442" hits="1"/>
						<line number="476" hits="0"/>
						<line number="478" hits="1"/>
						<line number="504" hits="0"/>
						<line number="506" hits="1"/>
						<line number="535" hits="0"/>
						<line number="537" hits="1"/>
						<line number="580" hits="0"/>
						<line number="582" hits="1"/>
						<line number="611" hits="0"/>
						<line number="613" hits="1"/>
						<line number="650" hits="0"/>
						<line number="652" hits="1"/>
						<line number="689" hits="0"/>
						<line number="691" hits="1"/>
						<line number="720" hits="0"/>
						<line number="722" hits="1"/>
						<line number="751" hits="0"/>
						<line number="753" hits="1"/>
						<line number="786" hits="0"/>
						<line number="788" hits="1"/>
						<line number="820" hits="0"/>
						<line number="822" hits="1"/>
						<line number="860" hits="0"/>
					</lines>
				</class>
				<class name="rapid.py" filename="rws/rapid/rapid.py" complexity="0" line-rate="0.8" branch-rate="1">
					<methods/>
					<lines>
						<line number="11" hits="1"/>
						<line number="13" hits="1"/>
						<line number="15" hits="1"/>
						<line number="18" hits="1"/>
						<line number="39" hits="0"/>
					</lines>
				</class>
				<class name="symbol.py" filename="rws/rapid/symbol.py" complexity="0" line-rate="0.5882" branch-rate="1">
					<methods/>
					<lines>
						<line number="11" hits="1"/>
						<line number="13" hits="1"/>
						<line number="15" hits="1"/>
						<line number="18" hits="1"/>
						<line number="44" hits="0"/>
						<line number="46" hits="1"/>
						<line number="74" hits="0"/>
						<line number="76" hits="1"/>
						<line number="104" hits="0"/>
						<line number="106" hits="1"/>
						<line number="136" hits="0"/>
						<line number="138" hits="1"/>
						<line number="164" hits="0"/>
						<line number="166" hits="1"/>
						<line number="194" hits="0"/>
						<line number="196" hits="1"/>
						<line number="226" hits="0"/>
					</lines>
				</class>
				<class name="symbols.py" filename="rws/rapid/symbols.py" complexity="0" line-rate="0.6364" branch-rate="1">
					<methods/>
					<lines>
						<line number="11" hits="1"/>
						<line number="13" hits="1"/>
						<line number="15" hits="1"/>
						<line number="18" hits="1"/>
						<line number="39" hits="0"/>
						<line number="41" hits="1"/>
						<line number="67" hits="0"/>
						<line number="69" hits="1"/>
						<line number="115" hits="0"/>
						<line number="117" hits="1"/>
						<line number="155" hits="0"/>
					</lines>
				</class>
				<class name="taskpanel.py" filename="rws/rapid/taskpanel.py" complexity="0" line-rate="0.7143" branch-rate="1">
					<methods/>
					<lines>
						<line number="11" hits="1"/>
						<line number="13" hits="1"/>
						<line number="15" hits="1"/>
						<line number="18" hits="1"/>
						<line number="40" hits="0"/>
						<line number="42" hits="1"/>
						<line number="70" hits="0"/>
					</lines>
				</class>
				<class name="tasks.py" filename="rws/rapid/tasks.py" complexity="0" line-rate="0.5135" branch-rate="1">
					<methods/>
					<lines>
						<line number="11" hits="1"/>
						<line number="13" hits="1"/>
						<line number="15" hits="1"/>
						<line number="18" hits="1"/>
						<line number="44" hits="0"/>
						<line number="46" hits="1"/>
						<line number="72" hits="0"/>
						<line number="74" hits="1"/>
						<line number="102" hits="0"/>
						<line number="104" hits="1"/>
						<line number="129" hits="0"/>
						<line number="131" hits="1"/>
						<line number="157" hits="0"/>
						<line number="159" hits="1"/>
						<line number="185" hits="0"/>
						<line number="187" hits="1"/>
						<line number="215" hits="0"/>
						<line number="217" hits="1"/>
						<line number="245" hits="0"/>
						<line number="247" hits="1"/>
						<line number="275" hits="0"/>
						<line number="277" hits="1"/>
						<line number="305" hits="0"/>
						<line number="307" hits="1"/>
						<line number="339" hits="0"/>
						<line number="341" hits="1"/>
						<line number="371" hits="0"/>
						<line number="373" hits="1"/>
						<line number="401" hits="0"/>
						<line number="403" hits="1"/>
						<line number="431" hits="0"/>
						<line number="433" hits="1"/>
						<line number="463" hits="0"/>
						<line number="465" hits="1"/>
						<line number="493" hits="0"/>
						<line number="495" hits="1"/>
						<line number="527" hits="0"/>
						<line number="529" hits="1"/>
						<line number="559" hits="0"/>
						<line number="561" hits="1"/>
						<line number="591" hits="0"/>
						<line number="593" hits="1"/>
						<line number="621" hits="0"/>
						<line number="623" hits="1"/>
						<line number="653" hits="0"/>
						<line number="655" hits="1"/>
						<line number="685" hits="0"/>
						<line number="687" hits="1"/>
						<line number="715" hits="0"/>
						<line number="717" hits="1"/>
						<line number="745" hits="0"/>
						<line number="747" hits="1"/>
						<line number="775" hits="0"/>
						<line number="777" hits="1"/>
						<line number="803" hits="0"/>
						<line number="805" hits="1"/>
						<line number="837" hits="0"/>
						<line number="839" hits="1"/>
						<line number="867" hits="0"/>
						<line number="869" hits="1"/>
						<line number="897" hits="0"/>
						<line number="899" hits="1"/>
						<line number="927" hits="0"/>
						<line number="929" hits="1"/>
						<line number="974" hits="0"/>
						<line number="976" hits="1"/>
						<line number="1021" hits="0"/>
						<line number="1023" hits="1"/>
						<line number="1051" hits="0"/>
						<line number="1053" hits="1"/>
						<line number="1081" hits="0"/>
						<line number="1083" hits="1"/>
						<line number="1115" hits="0"/>
						<line number="1117" hits="1"/>
						<line number="1145" hits="0"/>
						<line number="1147" hits="1"/>
						<line number="1177" hits="0"/>
						<line number="1179" hits="1"/>
						<line number="1209" hits="0"/>
						<line number="1211" hits="1"/>
						<line number="1241" hits="0"/>
						<line number="1243" hits="1"/>
						<line number="1273" hits="0"/>
						<line number="1275" hits="1"/>
						<line number="1303" hits="0"/>
						<line number="1305" hits="1"/>
						<line number="1339" hits="0"/>
						<line number="1341" hits="1"/>
						<line number="1371" hits="0"/>
						<line number="1373" hits="1"/>
						<line number="1399" hits="0"/>
						<line number="1401" hits="1"/>
						<line number="1429" hits="0"/>
						<line number="1431" hits="1"/>
						<line number="1467" hits="0"/>
						<line number="1469" hits="1"/>
						<line number="1503" hits="0"/>
						<line number="1505" hits="1"/>
						<line number="1537" hits="0"/>
						<line number="1539" hits="1"/>
						<line number="1567" hits="0"/>
						<line number="1569" hits="1"/>
						<line number="1597" hits="0"/>
						<line number="1599" hits="1"/>
						<line number="1627" hits="0"/>
						<line number="1629" hits="1"/>
						<line number="1657" hits="0"/>
						<line number="1659" hits="1"/>
						<line number="1691" hits="0"/>
						<line number="1693" hits="1"/>
						<line number="1719" hits="0"/>
					</lines>
				</class>
				<class name="uiinstr.py" filename="rws/rapid/uiinstr.py" complexity="0" line-rate="0.5789" branch-rate="1">
					<methods/>
					<lines>
						<line number="11" hits="1"/>
						<line number="13" hits="1"/>
						<line number="15" hits="1"/>
						<line number="18" hits="1"/>
						<line number="40" hits="0"/>
						<line number="42" hits="1"/>
						<line number="68" hits="0"/>
						<line number="70" hits="1"/>
						<line number="96" hits="0"/>
						<line number="98" hits="1"/>
						<line number="120" hits="0"/>
						<line number="122" hits="1"/>
						<line number="148" hits="0"/>
						<line number="150" hits="1"/>
						<line number="182" hits="0"/>
						<line number="184" hits="1"/>
						<line number="212" hits="0"/>
						<line number="214" hits="1"/>
						<line number="240" hits="0"/>
					</lines>
				</class>
			</classes>
		</package>
		<package name="rws.rw" line-rate="0.8" branch-rate="1" complexity="0">
			<classes>
				<class name="__init__.py" filename="rws/rw/__init__.py" complexity="0" line-rate="1" branch-rate="1">
					<methods/>
					<lines/>
				</class>
				<class name="misc.py" filename="rws/rw/misc.py" complexity="0" line-rate="0.8" branch-rate="1">
					<methods/>
					<lines>
						<line number="11" hits="1"/>
						<line number="13" hits="1"/>
						<line number="15" hits="1"/>
						<line number="18" hits="1"/>
						<line number="40" hits="0"/>
					</lines>
				</class>
			</classes>
		</package>
		<package name="rws.users" line-rate="0.6304" branch-rate="1" complexity="0">
			<classes>
				<class name="__init__.py" filename="rws/users/__init__.py" complexity="0" line-rate="1" branch-rate="1">
					<methods/>
					<lines/>
				</class>
				<class name="grants.py" filename="rws/users/grants.py" complexity="0" line-rate="0.8" branch-rate="1">
					<methods/>
					<lines>
						<line number="11" hits="1"/>
						<line number="13" hits="1"/>
						<line number="15" hits="1"/>
						<line number="18" hits="1"/>
						<line number="39" hits="0"/>
					</lines>
				</class>
				<class name="remote.py" filename="rws/users/remote.py" complexity="0" line-rate="0.6364" branch-rate="1">
					<methods/>
					<lines>
						<line number="11" hits="1"/>
						<line number="13" hits="1"/>
						<line number="15" hits="1"/>
						<line number="18" hits="1"/>
						<line number="44" hits="0"/>
						<line number="46" hits="1"/>
						<line number="72" hits="0"/>
						<line number="74" hits="1"/>
						<line number="100" hits="0"/>
						<line number="102" hits="1"/>
						<line number="130" hits="0"/>
					</lines>
				</class>
				<class name="rmmp.py" filename="rws/users/rmmp.py" complexity="0" line-rate="0.5882" branch-rate="1">
					<methods/>
					<lines>
						<line number="11" hits="1"/>
						<line number="13" hits="1"/>
						<line number="15" hits="1"/>
						<line number="18" hits="1"/>
						<line number="39" hits="0"/>
						<line number="41" hits="1"/>
						<line number="66" hits="0"/>
						<line number="68" hits="1"/>
						<line number="90" hits="0"/>
						<line number="92" hits="1"/>
						<line number="118" hits="0"/>
						<line number="120" hits="1"/>
						<line number="145" hits="0"/>
						<line number="147" hits="1"/>
						<line number="175" hits="0"/>
						<line number="177" hits="1"/>
						<line number="199" hits="0"/>
					</lines>
				</class>
				<class name="users.py" filename="rws/users/users.py" complexity="0" line-rate="0.6154" branch-rate="1">
					<methods/>
					<lines>
						<line number="11" hits="1"/>
						<line number="13" hits="1"/>
						<line number="15" hits="1"/>
						<line number="18" hits="1"/>
						<line number="43" hits="0"/>
						<line number="45" hits="1"/>
						<line number="71" hits="0"/>
						<line number="73" hits="1"/>
						<line number="95" hits="0"/>
						<line number="97" hits="1"/>
						<line number="123" hits="0"/>
						<line number="125" hits="1"/>
						<line number="153" hits="0"/>
					</lines>
				</class>
			</classes>
		</package>
	</packages>
</coverage>
