<?xml version="1.0" ?>
<coverage version="7.15.0" timestamp="1783705147397" lines-valid="1295" lines-covered="1288" line-rate="0.9946" branches-valid="78" branches-covered="73" branch-rate="0.9359" complexity="0">
	<!-- Generated by coverage.py: https://coverage.readthedocs.io/en/7.15.0 -->
	<!-- Based on https://raw.githubusercontent.com/cobertura/web/master/htdocs/xml/coverage-04.dtd -->
	<sources>
		<source>C:\Users\cleme\Documents\GitLab_ENSAM\abb_rws_client_python_rw6\abb_rws_client</source>
	</sources>
	<packages>
		<package name="." line-rate="1" branch-rate="1" complexity="0">
			<classes>
				<class name="__init__.py" filename="__init__.py" complexity="0" line-rate="1" branch-rate="1">
					<methods/>
					<lines/>
				</class>
			</classes>
		</package>
		<package name="_core" line-rate="0.9758" branch-rate="0.9359" complexity="0">
			<classes>
				<class name="__init__.py" filename="_core/__init__.py" complexity="0" line-rate="1" branch-rate="1">
					<methods/>
					<lines/>
				</class>
				<class name="client.py" filename="_core/client.py" complexity="0" line-rate="0.9863" branch-rate="1">
					<methods/>
					<lines>
						<line number="37" hits="1"/>
						<line number="39" hits="1"/>
						<line number="40" hits="1"/>
						<line number="41" hits="1"/>
						<line number="42" hits="1"/>
						<line number="43" hits="1"/>
						<line number="45" hits="1"/>
						<line number="47" hits="1"/>
						<line number="55" hits="1"/>
						<line number="62" hits="1"/>
						<line number="65" hits="1"/>
						<line number="68" hits="1"/>
						<line number="71" hits="1"/>
						<line number="83" hits="1"/>
						<line number="98" hits="1"/>
						<line number="101" hits="1"/>
						<line number="118" hits="1"/>
						<line number="119" hits="1" branch="true" condition-coverage="100% (2/2)"/>
						<line number="120" hits="1"/>
						<line number="121" hits="1" branch="true" condition-coverage="100% (2/2)"/>
						<line number="122" hits="1"/>
						<line number="123" hits="1" branch="true" condition-coverage="100% (2/2)"/>
						<line number="124" hits="1"/>
						<line number="130" hits="1"/>
						<line number="145" hits="1"/>
						<line number="146" hits="1"/>
						<line number="147" hits="1"/>
						<line number="155" hits="1"/>
						<line number="175" hits="1"/>
						<line number="183" hits="1"/>
						<line number="184" hits="1"/>
						<line number="185" hits="1"/>
						<line number="186" hits="1"/>
						<line number="187" hits="1"/>
						<line number="188" hits="1"/>
						<line number="189" hits="1"/>
						<line number="193" hits="1"/>
						<line number="204" hits="1" branch="true" condition-coverage="100% (2/2)"/>
						<line number="205" hits="1"/>
						<line number="206" hits="1"/>
						<line number="212" hits="1"/>
						<line number="214" hits="1"/>
						<line number="222" hits="1" branch="true" condition-coverage="100% (2/2)"/>
						<line number="223" hits="1"/>
						<line number="224" hits="1"/>
						<line number="225" hits="1"/>
						<line number="226" hits="1"/>
						<line number="228" hits="1"/>
						<line number="229" hits="1"/>
						<line number="230" hits="1"/>
						<line number="232" hits="1"/>
						<line number="238" hits="1"/>
						<line number="240" hits="1"/>
						<line number="241" hits="1"/>
						<line number="242" hits="1"/>
						<line number="246" hits="1"/>
						<line number="281" hits="1" branch="true" condition-coverage="100% (2/2)"/>
						<line number="282" hits="1"/>
						<line number="286" hits="1"/>
						<line number="287" hits="1" branch="true" condition-coverage="100% (2/2)"/>
						<line number="288" hits="1"/>
						<line number="289" hits="1"/>
						<line number="290" hits="1"/>
						<line number="291" hits="1"/>
						<line number="292" hits="1"/>
						<line number="293" hits="1"/>
						<line number="294" hits="1" branch="true" condition-coverage="100% (2/2)"/>
						<line number="295" hits="1"/>
						<line number="296" hits="1"/>
						<line number="305" hits="1"/>
						<line number="307" hits="1"/>
						<line number="308" hits="1" branch="true" condition-coverage="100% (2/2)"/>
						<line number="309" hits="1"/>
						<line number="312" hits="1"/>
						<line number="318" hits="1"/>
						<line number="342" hits="1"/>
						<line number="344" hits="1"/>
						<line number="368" hits="1"/>
						<line number="370" hits="1"/>
						<line number="397" hits="1"/>
						<line number="399" hits="1"/>
						<line number="423" hits="1"/>
						<line number="425" hits="1"/>
						<line number="453" hits="1"/>
						<line number="455" hits="1"/>
						<line number="483" hits="1"/>
						<line number="491" hits="1"/>
						<line number="514" hits="1"/>
						<line number="522" hits="1"/>
						<line number="523" hits="1"/>
						<line number="524" hits="1"/>
						<line number="525" hits="1"/>
						<line number="526" hits="1"/>
						<line number="527" hits="1"/>
						<line number="528" hits="1"/>
						<line number="532" hits="1"/>
						<line number="540" hits="1" branch="true" condition-coverage="100% (2/2)"/>
						<line number="541" hits="1"/>
						<line number="542" hits="1"/>
						<line number="548" hits="1"/>
						<line number="550" hits="1"/>
						<line number="558" hits="1" branch="true" condition-coverage="100% (2/2)"/>
						<line number="559" hits="1"/>
						<line number="560" hits="1"/>
						<line number="561" hits="1"/>
						<line number="562" hits="1"/>
						<line number="564" hits="1"/>
						<line number="565" hits="1"/>
						<line number="566" hits="1"/>
						<line number="568" hits="1"/>
						<line number="574" hits="1"/>
						<line number="576" hits="1"/>
						<line number="577" hits="1"/>
						<line number="578" hits="1"/>
						<line number="582" hits="1"/>
						<line number="610" hits="1" branch="true" condition-coverage="100% (2/2)"/>
						<line number="611" hits="1"/>
						<line number="615" hits="1"/>
						<line number="617" hits="1"/>
						<line number="618" hits="1" branch="true" condition-coverage="100% (2/2)"/>
						<line number="619" hits="1"/>
						<line number="620" hits="1"/>
						<line number="621" hits="1"/>
						<line number="622" hits="1"/>
						<line number="623" hits="1"/>
						<line number="624" hits="1"/>
						<line number="625" hits="1" branch="true" condition-coverage="100% (2/2)"/>
						<line number="626" hits="1"/>
						<line number="627" hits="1"/>
						<line number="636" hits="1"/>
						<line number="638" hits="1"/>
						<line number="639" hits="1" branch="true" condition-coverage="100% (2/2)"/>
						<line number="640" hits="1"/>
						<line number="643" hits="1"/>
						<line number="649" hits="1"/>
						<line number="673" hits="1"/>
						<line number="675" hits="1"/>
						<line number="699" hits="1"/>
						<line number="701" hits="1"/>
						<line number="728" hits="1"/>
						<line number="730" hits="1"/>
						<line number="754" hits="1"/>
						<line number="756" hits="1"/>
						<line number="780" hits="0"/>
						<line number="782" hits="1"/>
						<line number="806" hits="0"/>
					</lines>
				</class>
				<class name="exceptions.py" filename="_core/exceptions.py" complexity="0" line-rate="0.9574" branch-rate="0.6667">
					<methods/>
					<lines>
						<line number="29" hits="1"/>
						<line number="36" hits="1"/>
						<line number="229" hits="1"/>
						<line number="247" hits="0"/>
						<line number="255" hits="1"/>
						<line number="275" hits="1"/>
						<line number="276" hits="1"/>
						<line number="278" hits="1"/>
						<line number="279" hits="1"/>
						<line number="280" hits="1"/>
						<line number="281" hits="1"/>
						<line number="283" hits="1"/>
						<line number="284" hits="1" branch="true" condition-coverage="100% (2/2)"/>
						<line number="285" hits="1"/>
						<line number="290" hits="1"/>
						<line number="298" hits="1"/>
						<line number="314" hits="1"/>
						<line number="335" hits="1"/>
						<line number="350" hits="1"/>
						<line number="351" hits="1"/>
						<line number="354" hits="1"/>
						<line number="371" hits="1"/>
						<line number="372" hits="1"/>
						<line number="374" hits="1"/>
						<line number="380" hits="1"/>
						<line number="381" hits="1"/>
						<line number="382" hits="1"/>
						<line number="384" hits="1"/>
						<line number="385" hits="1"/>
						<line number="386" hits="1" branch="true" condition-coverage="50% (1/2)" missing-branches="388"/>
						<line number="387" hits="1"/>
						<line number="388" hits="1" branch="true" condition-coverage="50% (1/2)" missing-branches="389"/>
						<line number="389" hits="0"/>
						<line number="390" hits="1"/>
						<line number="393" hits="1"/>
						<line number="411" hits="1"/>
						<line number="413" hits="1"/>
						<line number="414" hits="1"/>
						<line number="419" hits="1"/>
						<line number="427" hits="1"/>
						<line number="440" hits="1"/>
						<line number="460" hits="1"/>
						<line number="461" hits="1"/>
						<line number="464" hits="1"/>
						<line number="479" hits="1"/>
						<line number="480" hits="1"/>
						<line number="488" hits="1"/>
					</lines>
				</class>
				<class name="serializers.py" filename="_core/serializers.py" complexity="0" line-rate="0.9688" branch-rate="0.9286">
					<methods/>
					<lines>
						<line number="15" hits="1"/>
						<line number="17" hits="1"/>
						<line number="18" hits="1"/>
						<line number="19" hits="1"/>
						<line number="21" hits="1"/>
						<line number="24" hits="1"/>
						<line number="25" hits="1"/>
						<line number="27" hits="1"/>
						<line number="37" hits="1"/>
						<line number="40" hits="1"/>
						<line number="41" hits="1"/>
						<line number="69" hits="1"/>
						<line number="70" hits="1"/>
						<line number="71" hits="1"/>
						<line number="72" hits="1"/>
						<line number="73" hits="1"/>
						<line number="74" hits="1"/>
						<line number="75" hits="1"/>
						<line number="76" hits="1"/>
						<line number="77" hits="1"/>
						<line number="78" hits="1"/>
						<line number="79" hits="1"/>
						<line number="80" hits="1"/>
						<line number="82" hits="1"/>
						<line number="83" hits="1" branch="true" condition-coverage="100% (2/2)"/>
						<line number="84" hits="1"/>
						<line number="87" hits="1"/>
						<line number="90" hits="1"/>
						<line number="112" hits="1" branch="true" condition-coverage="100% (2/2)"/>
						<line number="113" hits="1"/>
						<line number="114" hits="1" branch="true" condition-coverage="100% (2/2)"/>
						<line number="115" hits="1"/>
						<line number="116" hits="1"/>
						<line number="119" hits="1"/>
						<line number="141" hits="1"/>
						<line number="142" hits="1" branch="true" condition-coverage="100% (2/2)"/>
						<line number="143" hits="1"/>
						<line number="144" hits="1"/>
						<line number="145" hits="1"/>
						<line number="146" hits="1"/>
						<line number="147" hits="1"/>
						<line number="150" hits="1"/>
						<line number="168" hits="1"/>
						<line number="169" hits="1"/>
						<line number="170" hits="1"/>
						<line number="171" hits="1"/>
						<line number="172" hits="1"/>
						<line number="175" hits="1"/>
						<line number="198" hits="1"/>
						<line number="199" hits="1" branch="true" condition-coverage="100% (2/2)"/>
						<line number="200" hits="1"/>
						<line number="201" hits="1"/>
						<line number="202" hits="1"/>
						<line number="203" hits="1"/>
						<line number="204" hits="1"/>
						<line number="205" hits="1"/>
						<line number="221" hits="1"/>
						<line number="246" hits="1" branch="true" condition-coverage="100% (2/2)"/>
						<line number="247" hits="1"/>
						<line number="250" hits="1" branch="true" condition-coverage="100% (2/2)"/>
						<line number="252" hits="1" branch="true" condition-coverage="100% (2/2)"/>
						<line number="253" hits="1"/>
						<line number="254" hits="1"/>
						<line number="255" hits="1" branch="true" condition-coverage="100% (2/2)"/>
						<line number="256" hits="1" branch="true" condition-coverage="100% (2/2)"/>
						<line number="257" hits="1"/>
						<line number="258" hits="1"/>
						<line number="259" hits="1" branch="true" condition-coverage="100% (2/2)"/>
						<line number="260" hits="1" branch="true" condition-coverage="50% (1/2)" missing-branches="261"/>
						<line number="261" hits="0"/>
						<line number="262" hits="1"/>
						<line number="263" hits="1" branch="true" condition-coverage="50% (1/2)" missing-branches="267"/>
						<line number="264" hits="1" branch="true" condition-coverage="100% (2/2)"/>
						<line number="265" hits="1"/>
						<line number="266" hits="1"/>
						<line number="267" hits="0"/>
						<line number="270" hits="1"/>
						<line number="294" hits="1" branch="true" condition-coverage="100% (2/2)"/>
						<line number="295" hits="1"/>
						<line number="298" hits="1" branch="true" condition-coverage="100% (2/2)"/>
						<line number="299" hits="1"/>
						<line number="300" hits="1"/>
						<line number="301" hits="1"/>
						<line number="302" hits="1"/>
						<line number="303" hits="1" branch="true" condition-coverage="100% (2/2)"/>
						<line number="304" hits="1"/>
						<line number="305" hits="1" branch="true" condition-coverage="100% (2/2)"/>
						<line number="306" hits="1"/>
						<line number="307" hits="1" branch="true" condition-coverage="100% (2/2)"/>
						<line number="308" hits="1"/>
						<line number="309" hits="1"/>
						<line number="310" hits="1" branch="true" condition-coverage="100% (2/2)"/>
						<line number="311" hits="1"/>
						<line number="312" hits="1" branch="true" condition-coverage="50% (1/2)" missing-branches="314"/>
						<line number="313" hits="1"/>
						<line number="314" hits="0"/>
					</lines>
				</class>
			</classes>
		</package>
		<package name="rws" line-rate="1" branch-rate="1" complexity="0">
			<classes>
				<class name="__init__.py" filename="rws/__init__.py" complexity="0" line-rate="1" branch-rate="1">
					<methods/>
					<lines/>
				</class>
				<class name="cfg.py" filename="rws/cfg.py" complexity="0" line-rate="1" branch-rate="1">
					<methods/>
					<lines>
						<line number="11" hits="1"/>
						<line number="13" hits="1"/>
						<line number="15" hits="1"/>
						<line number="18" hits="1"/>
						<line number="42" hits="1"/>
						<line number="44" hits="1"/>
						<line number="73" hits="1"/>
						<line number="78" hits="1"/>
						<line number="107" hits="1"/>
						<line number="112" hits="1"/>
						<line number="141" hits="1"/>
						<line number="146" hits="1"/>
						<line number="177" hits="1"/>
						<line number="183" hits="1"/>
						<line number="222" hits="1"/>
						<line number="238" hits="1"/>
						<line number="269" hits="1"/>
						<line number="275" hits="1"/>
						<line number="306" hits="1"/>
						<line number="318" hits="1"/>
						<line number="350" hits="1"/>
						<line number="355" hits="1"/>
						<line number="387" hits="1"/>
						<line number="392" hits="1"/>
						<line number="423" hits="1"/>
						<line number="428" hits="1"/>
						<line number="459" hits="1"/>
						<line number="464" hits="1"/>
						<line number="495" hits="1"/>
						<line number="497" hits="1"/>
						<line number="528" hits="1"/>
						<line number="530" hits="1"/>
						<line number="561" hits="1"/>
						<line number="563" hits="1"/>
						<line number="596" hits="1"/>
						<line number="601" hits="1"/>
						<line number="634" hits="1"/>
						<line number="639" hits="1"/>
						<line number="673" hits="1"/>
						<line number="678" hits="1"/>
						<line number="711" hits="1"/>
						<line number="713" hits="1"/>
						<line number="753" hits="1"/>
						<line number="758" hits="1"/>
						<line number="795" hits="1"/>
						<line number="801" hits="1"/>
						<line number="834" hits="1"/>
					</lines>
				</class>
				<class name="devices.py" filename="rws/devices.py" complexity="0" line-rate="1" branch-rate="1">
					<methods/>
					<lines>
						<line number="11" hits="1"/>
						<line number="13" hits="1"/>
						<line number="15" hits="1"/>
						<line number="18" hits="1"/>
						<line number="47" hits="1"/>
					</lines>
				</class>
				<class name="dipc.py" filename="rws/dipc.py" complexity="0" line-rate="1" branch-rate="1">
					<methods/>
					<lines>
						<line number="11" hits="1"/>
						<line number="13" hits="1"/>
						<line number="15" hits="1"/>
						<line number="18" hits="1"/>
						<line number="43" hits="1"/>
						<line number="45" hits="1"/>
						<line number="70" hits="1"/>
						<line number="72" hits="1"/>
						<line number="101" hits="1"/>
						<line number="106" hits="1"/>
						<line number="135" hits="1"/>
						<line number="137" hits="1"/>
						<line number="168" hits="1"/>
						<line number="173" hits="1"/>
						<line number="204" hits="1"/>
						<line number="209" hits="1"/>
						<line number="242" hits="1"/>
						<line number="254" hits="1"/>
						<line number="284" hits="1"/>
						<line number="286" hits="1"/>
						<line number="317" hits="1"/>
						<line number="329" hits="1"/>
						<line number="359" hits="1"/>
					</lines>
				</class>
				<class name="elog.py" filename="rws/elog.py" complexity="0" line-rate="1" branch-rate="1">
					<methods/>
					<lines>
						<line number="11" hits="1"/>
						<line number="13" hits="1"/>
						<line number="15" hits="1"/>
						<line number="18" hits="1"/>
						<line number="52" hits="1"/>
						<line number="66" hits="1"/>
						<line number="94" hits="1"/>
						<line number="99" hits="1"/>
						<line number="128" hits="1"/>
						<line number="133" hits="1"/>
						<line number="166" hits="1"/>
						<line number="172" hits="1"/>
						<line number="209" hits="1"/>
						<line number="223" hits="1"/>
						<line number="252" hits="1"/>
						<line number="254" hits="1"/>
						<line number="285" hits="1"/>
						<line number="290" hits="1"/>
						<line number="321" hits="1"/>
						<line number="333" hits="1"/>
						<line number="372" hits="1"/>
					</lines>
				</class>
				<class name="fileservice.py" filename="rws/fileservice.py" complexity="0" line-rate="1" branch-rate="1">
					<methods/>
					<lines>
						<line number="11" hits="1"/>
						<line number="13" hits="1"/>
						<line number="15" hits="1"/>
						<line number="18" hits="1"/>
						<line number="45" hits="1"/>
						<line number="47" hits="1"/>
						<line number="82" hits="1"/>
						<line number="84" hits="1"/>
						<line number="117" hits="1"/>
						<line number="122" hits="1"/>
						<line number="160" hits="1"/>
						<line number="162" hits="1"/>
						<line number="198" hits="1"/>
						<line number="200" hits="1"/>
						<line number="239" hits="1"/>
						<line number="241" hits="1"/>
						<line number="276" hits="1"/>
						<line number="278" hits="1"/>
						<line number="311" hits="1"/>
						<line number="313" hits="1"/>
						<line number="348" hits="1"/>
						<line number="353" hits="1"/>
						<line number="388" hits="1"/>
						<line number="390" hits="1"/>
						<line number="429" hits="1"/>
						<line number="431" hits="1"/>
						<line number="468" hits="1"/>
						<line number="470" hits="1"/>
						<line number="505" hits="1"/>
						<line number="507" hits="1"/>
						<line number="542" hits="1"/>
					</lines>
				</class>
				<class name="mastership.py" filename="rws/mastership.py" complexity="0" line-rate="1" branch-rate="1">
					<methods/>
					<lines>
						<line number="11" hits="1"/>
						<line number="13" hits="1"/>
						<line number="15" hits="1"/>
						<line number="18" hits="1"/>
						<line number="43" hits="1"/>
						<line number="45" hits="1"/>
						<line number="74" hits="1"/>
						<line number="79" hits="1"/>
						<line number="109" hits="1"/>
						<line number="114" hits="1"/>
						<line number="143" hits="1"/>
						<line number="148" hits="1"/>
						<line number="179" hits="1"/>
						<line number="191" hits="1"/>
						<line number="220" hits="1"/>
						<line number="222" hits="1"/>
						<line number="253" hits="1"/>
						<line number="258" hits="1"/>
						<line number="290" hits="1"/>
						<line number="295" hits="1"/>
						<line number="326" hits="1"/>
						<line number="331" hits="1"/>
						<line number="362" hits="1"/>
					</lines>
				</class>
				<class name="motionsystem.py" filename="rws/motionsystem.py" complexity="0" line-rate="1" branch-rate="1">
					<methods/>
					<lines>
						<line number="11" hits="1"/>
						<line number="13" hits="1"/>
						<line number="15" hits="1"/>
						<line number="18" hits="1"/>
						<line number="48" hits="1"/>
						<line number="60" hits="1"/>
						<line number="88" hits="1"/>
						<line number="93" hits="1"/>
						<line number="123" hits="1"/>
						<line number="129" hits="1"/>
						<line number="173" hits="1"/>
						<line number="192" hits="1"/>
						<line number="240" hits="1"/>
						<line number="261" hits="1"/>
						<line number="289" hits="1"/>
						<line number="294" hits="1"/>
						<line number="326" hits="1"/>
						<line number="338" hits="1"/>
						<line number="361" hits="1"/>
						<line number="363" hits="1"/>
						<line number="391" hits="1"/>
						<line number="396" hits="1"/>
						<line number="424" hits="1"/>
						<line number="429" hits="1"/>
						<line number="461" hits="1"/>
						<line number="474" hits="1"/>
						<line number="506" hits="1"/>
						<line number="519" hits="1"/>
						<line number="547" hits="1"/>
						<line number="552" hits="1"/>
						<line number="582" hits="1"/>
						<line number="588" hits="1"/>
						<line number="616" hits="1"/>
						<line number="621" hits="1"/>
						<line number="649" hits="1"/>
						<line number="654" hits="1"/>
						<line number="686" hits="1"/>
						<line number="692" hits="1"/>
						<line number="724" hits="1"/>
						<line number="730" hits="1"/>
						<line number="754" hits="1"/>
						<line number="756" hits="1"/>
						<line number="784" hits="1"/>
						<line number="789" hits="1"/>
						<line number="819" hits="1"/>
						<line number="825" hits="1"/>
						<line number="849" hits="1"/>
						<line number="851" hits="1"/>
						<line number="883" hits="1"/>
						<line number="895" hits="1"/>
						<line number="925" hits="1"/>
						<line number="930" hits="1"/>
						<line number="976" hits="1"/>
						<line number="1001" hits="1"/>
						<line number="1033" hits="1"/>
						<line number="1039" hits="1"/>
						<line number="1069" hits="1"/>
						<line number="1074" hits="1"/>
						<line number="1106" hits="1"/>
						<line number="1112" hits="1"/>
						<line number="1144" hits="1"/>
						<line number="1150" hits="1"/>
						<line number="1178" hits="1"/>
						<line number="1180" hits="1"/>
						<line number="1216" hits="1"/>
						<line number="1230" hits="1"/>
						<line number="1264" hits="1"/>
						<line number="1277" hits="1"/>
						<line number="1311" hits="1"/>
						<line number="1324" hits="1"/>
						<line number="1352" hits="1"/>
						<line number="1354" hits="1"/>
						<line number="1385" hits="1"/>
						<line number="1397" hits="1"/>
						<line number="1447" hits="1"/>
						<line number="1468" hits="1"/>
						<line number="1510" hits="1"/>
						<line number="1527" hits="1"/>
						<line number="1571" hits="1"/>
						<line number="1589" hits="1"/>
						<line number="1639" hits="1"/>
						<line number="1660" hits="1"/>
						<line number="1688" hits="1"/>
						<line number="1690" hits="1"/>
						<line number="1738" hits="1"/>
						<line number="1758" hits="1"/>
						<line number="1806" hits="1"/>
						<line number="1826" hits="1"/>
						<line number="1874" hits="1"/>
						<line number="1894" hits="1"/>
						<line number="1942" hits="1"/>
						<line number="1962" hits="1"/>
						<line number="2010" hits="1"/>
						<line number="2030" hits="1"/>
						<line number="2078" hits="1"/>
						<line number="2098" hits="1"/>
						<line number="2146" hits="1"/>
						<line number="2166" hits="1"/>
						<line number="2214" hits="1"/>
						<line number="2234" hits="1"/>
						<line number="2282" hits="1"/>
						<line number="2302" hits="1"/>
						<line number="2330" hits="1"/>
						<line number="2332" hits="1"/>
						<line number="2362" hits="1"/>
						<line number="2367" hits="1"/>
						<line number="2411" hits="1"/>
						<line number="2429" hits="1"/>
						<line number="2457" hits="1"/>
						<line number="2459" hits="1"/>
						<line number="2489" hits="1"/>
						<line number="2491" hits="1"/>
						<line number="2523" hits="1"/>
						<line number="2528" hits="1"/>
						<line number="2560" hits="1"/>
						<line number="2565" hits="1"/>
						<line number="2611" hits="1"/>
						<line number="2629" hits="1"/>
						<line number="2661" hits="1"/>
						<line number="2666" hits="1"/>
						<line number="2700" hits="1"/>
						<line number="2706" hits="1"/>
						<line number="2737" hits="1"/>
						<line number="2743" hits="1"/>
						<line number="2774" hits="1"/>
						<line number="2780" hits="1"/>
						<line number="2807" hits="1"/>
						<line number="2809" hits="1"/>
						<line number="2839" hits="1"/>
						<line number="2844" hits="1"/>
						<line number="2872" hits="1"/>
					</lines>
				</class>
				<class name="operations_on_io_profinet_device.py" filename="rws/operations_on_io_profinet_device.py" complexity="0" line-rate="1" branch-rate="1">
					<methods/>
					<lines>
						<line number="11" hits="1"/>
						<line number="13" hits="1"/>
						<line number="15" hits="1"/>
						<line number="18" hits="1"/>
						<line number="65" hits="1"/>
						<line number="81" hits="1"/>
						<line number="130" hits="1"/>
						<line number="147" hits="1"/>
						<line number="178" hits="1"/>
						<line number="180" hits="1"/>
						<line number="219" hits="1"/>
						<line number="233" hits="1"/>
						<line number="272" hits="1"/>
						<line number="286" hits="1"/>
						<line number="317" hits="1"/>
						<line number="319" hits="1"/>
						<line number="354" hits="1"/>
						<line number="356" hits="1"/>
						<line number="387" hits="1"/>
						<line number="389" hits="1"/>
						<line number="420" hits="1"/>
					</lines>
				</class>
				<class name="panel.py" filename="rws/panel.py" complexity="0" line-rate="1" branch-rate="1">
					<methods/>
					<lines>
						<line number="11" hits="1"/>
						<line number="13" hits="1"/>
						<line number="15" hits="1"/>
						<line number="18" hits="1"/>
						<line number="43" hits="1"/>
						<line number="45" hits="1"/>
						<line number="70" hits="1"/>
						<line number="72" hits="1"/>
						<line number="103" hits="1"/>
						<line number="109" hits="1"/>
						<line number="140" hits="1"/>
						<line number="146" hits="1"/>
						<line number="174" hits="1"/>
						<line number="176" hits="1"/>
						<line number="205" hits="1"/>
						<line number="210" hits="1"/>
						<line number="241" hits="1"/>
						<line number="247" hits="1"/>
						<line number="281" hits="1"/>
						<line number="293" hits="1"/>
						<line number="318" hits="1"/>
						<line number="320" hits="1"/>
						<line number="349" hits="1"/>
						<line number="354" hits="1"/>
						<line number="385" hits="1"/>
						<line number="397" hits="1"/>
						<line number="429" hits="1"/>
						<line number="435" hits="1"/>
						<line number="464" hits="1"/>
						<line number="469" hits="1"/>
						<line number="504" hits="1"/>
						<line number="510" hits="1"/>
						<line number="543" hits="1"/>
						<line number="549" hits="1"/>
						<line number="574" hits="1"/>
						<line number="576" hits="1"/>
						<line number="605" hits="1"/>
						<line number="610" hits="1"/>
						<line number="641" hits="1"/>
						<line number="647" hits="1"/>
						<line number="678" hits="1"/>
						<line number="690" hits="1"/>
						<line number="715" hits="1"/>
						<line number="717" hits="1"/>
						<line number="746" hits="1"/>
						<line number="751" hits="1"/>
						<line number="782" hits="1"/>
					</lines>
				</class>
				<class name="retcode.py" filename="rws/retcode.py" complexity="0" line-rate="1" branch-rate="1">
					<methods/>
					<lines>
						<line number="11" hits="1"/>
						<line number="13" hits="1"/>
						<line number="15" hits="1"/>
						<line number="18" hits="1"/>
						<line number="47" hits="1"/>
					</lines>
				</class>
				<class name="root.py" filename="rws/root.py" complexity="0" line-rate="1" branch-rate="1">
					<methods/>
					<lines>
						<line number="11" hits="1"/>
						<line number="13" hits="1"/>
						<line number="15" hits="1"/>
						<line number="18" hits="1"/>
						<line number="43" hits="1"/>
						<line number="45" hits="1"/>
						<line number="70" hits="1"/>
					</lines>
				</class>
				<class name="subscription.py" filename="rws/subscription.py" complexity="0" line-rate="1" branch-rate="1">
					<methods/>
					<lines>
						<line number="11" hits="1"/>
						<line number="13" hits="1"/>
						<line number="15" hits="1"/>
						<line number="18" hits="1"/>
						<line number="51" hits="1"/>
						<line number="56" hits="1"/>
						<line number="90" hits="1"/>
						<line number="102" hits="1"/>
						<line number="137" hits="1"/>
						<line number="142" hits="1"/>
						<line number="178" hits="1"/>
						<line number="190" hits="1"/>
						<line number="222" hits="1"/>
						<line number="224" hits="1"/>
						<line number="259" hits="1"/>
					</lines>
				</class>
				<class name="system.py" filename="rws/system.py" complexity="0" line-rate="1" branch-rate="1">
					<methods/>
					<lines>
						<line number="11" hits="1"/>
						<line number="13" hits="1"/>
						<line number="15" hits="1"/>
						<line number="18" hits="1"/>
						<line number="43" hits="1"/>
						<line number="45" hits="1"/>
						<line number="72" hits="1"/>
						<line number="74" hits="1"/>
						<line number="99" hits="1"/>
						<line number="101" hits="1"/>
						<line number="130" hits="1"/>
						<line number="135" hits="1"/>
						<line number="164" hits="1"/>
						<line number="169" hits="1"/>
						<line number="198" hits="1"/>
						<line number="203" hits="1"/>
						<line number="228" hits="1"/>
						<line number="230" hits="1"/>
						<line number="261" hits="1"/>
						<line number="273" hits="1"/>
						<line number="298" hits="1"/>
						<line number="300" hits="1"/>
						<line number="329" hits="1"/>
					</lines>
				</class>
				<class name="vision.py" filename="rws/vision.py" complexity="0" line-rate="1" branch-rate="1">
					<methods/>
					<lines>
						<line number="11" hits="1"/>
						<line number="13" hits="1"/>
						<line number="15" hits="1"/>
						<line number="18" hits="1"/>
						<line number="43" hits="1"/>
						<line number="45" hits="1"/>
						<line number="74" hits="1"/>
						<line number="79" hits="1"/>
						<line number="110" hits="1"/>
						<line number="115" hits="1"/>
						<line number="144" hits="1"/>
						<line number="149" hits="1"/>
						<line number="180" hits="1"/>
						<line number="185" hits="1"/>
						<line number="216" hits="1"/>
						<line number="222" hits="1"/>
						<line number="253" hits="1"/>
						<line number="259" hits="1"/>
						<line number="292" hits="1"/>
						<line number="298" hits="1"/>
						<line number="327" hits="1"/>
						<line number="332" hits="1"/>
						<line number="366" hits="1"/>
						<line number="372" hits="1"/>
						<line number="404" hits="1"/>
						<line number="410" hits="1"/>
						<line number="446" hits="1"/>
						<line number="460" hits="1"/>
						<line number="491" hits="1"/>
						<line number="496" hits="1"/>
						<line number="527" hits="1"/>
						<line number="539" hits="1"/>
						<line number="572" hits="1"/>
						<line number="578" hits="1"/>
						<line number="613" hits="1"/>
						<line number="627" hits="1"/>
						<line number="665" hits="1"/>
						<line number="680" hits="1"/>
						<line number="711" hits="1"/>
					</lines>
				</class>
			</classes>
		</package>
		<package name="rws.ctrl" line-rate="1" branch-rate="1" complexity="0">
			<classes>
				<class name="__init__.py" filename="rws/ctrl/__init__.py" complexity="0" line-rate="1" branch-rate="1">
					<methods/>
					<lines/>
				</class>
				<class name="backup.py" filename="rws/ctrl/backup.py" complexity="0" line-rate="1" branch-rate="1">
					<methods/>
					<lines>
						<line number="11" hits="1"/>
						<line number="13" hits="1"/>
						<line number="15" hits="1"/>
						<line number="18" hits="1"/>
						<line number="42" hits="1"/>
						<line number="44" hits="1"/>
						<line number="73" hits="1"/>
						<line number="78" hits="1"/>
						<line number="114" hits="1"/>
						<line number="127" hits="1"/>
						<line number="158" hits="1"/>
						<line number="170" hits="1"/>
						<line number="199" hits="1"/>
						<line number="210" hits="1"/>
						<line number="239" hits="1"/>
						<line number="244" hits="1"/>
						<line number="277" hits="1"/>
						<line number="289" hits="1"/>
						<line number="318" hits="1"/>
					</lines>
				</class>
				<class name="clock.py" filename="rws/ctrl/clock.py" complexity="0" line-rate="1" branch-rate="1">
					<methods/>
					<lines>
						<line number="11" hits="1"/>
						<line number="13" hits="1"/>
						<line number="15" hits="1"/>
						<line number="18" hits="1"/>
						<line number="43" hits="1"/>
						<line number="45" hits="1"/>
						<line number="74" hits="1"/>
						<line number="79" hits="1"/>
						<line number="104" hits="1"/>
						<line number="106" hits="1"/>
						<line number="131" hits="1"/>
						<line number="133" hits="1"/>
						<line number="158" hits="1"/>
						<line number="163" hits="1"/>
						<line number="188" hits="1"/>
						<line number="190" hits="1"/>
						<line number="215" hits="1"/>
						<line number="217" hits="1"/>
						<line number="242" hits="1"/>
						<line number="247" hits="1"/>
						<line number="276" hits="1"/>
						<line number="281" hits="1"/>
						<line number="312" hits="1"/>
					</lines>
				</class>
				<class name="ctrl.py" filename="rws/ctrl/ctrl.py" complexity="0" line-rate="1" branch-rate="1">
					<methods/>
					<lines>
						<line number="11" hits="1"/>
						<line number="13" hits="1"/>
						<line number="15" hits="1"/>
						<line number="18" hits="1"/>
						<line number="43" hits="1"/>
						<line number="45" hits="1"/>
						<line number="74" hits="1"/>
						<line number="79" hits="1"/>
						<line number="107" hits="1"/>
						<line number="109" hits="1"/>
						<line number="134" hits="1"/>
						<line number="136" hits="1"/>
						<line number="165" hits="1"/>
						<line number="170" hits="1"/>
						<line number="195" hits="1"/>
						<line number="197" hits="1"/>
						<line number="226" hits="1"/>
						<line number="231" hits="1"/>
						<line number="260" hits="1"/>
						<line number="265" hits="1"/>
						<line number="294" hits="1"/>
						<line number="299" hits="1"/>
						<line number="329" hits="1"/>
						<line number="334" hits="1"/>
						<line number="363" hits="1"/>
						<line number="368" hits="1"/>
						<line number="398" hits="1"/>
						<line number="403" hits="1"/>
						<line number="431" hits="1"/>
						<line number="433" hits="1"/>
						<line number="458" hits="1"/>
						<line number="460" hits="1"/>
						<line number="489" hits="1"/>
						<line number="491" hits="1"/>
						<line number="522" hits="1"/>
						<line number="527" hits="1"/>
						<line number="561" hits="1"/>
						<line number="567" hits="1"/>
						<line number="599" hits="1"/>
						<line number="604" hits="1"/>
						<line number="633" hits="1"/>
						<line number="635" hits="1"/>
						<line number="664" hits="1"/>
						<line number="669" hits="1"/>
						<line number="693" hits="1"/>
						<line number="695" hits="1"/>
						<line number="724" hits="1"/>
						<line number="729" hits="1"/>
						<line number="759" hits="1"/>
						<line number="764" hits="1"/>
						<line number="788" hits="1"/>
						<line number="790" hits="1"/>
						<line number="815" hits="1"/>
						<line number="817" hits="1"/>
						<line number="842" hits="1"/>
						<line number="844" hits="1"/>
						<line number="870" hits="1"/>
						<line number="872" hits="1"/>
						<line number="897" hits="1"/>
						<line number="899" hits="1"/>
						<line number="924" hits="1"/>
						<line number="926" hits="1"/>
						<line number="955" hits="1"/>
						<line number="960" hits="1"/>
						<line number="992" hits="1"/>
						<line number="997" hits="1"/>
						<line number="1022" hits="1"/>
						<line number="1024" hits="1"/>
						<line number="1053" hits="1"/>
						<line number="1058" hits="1"/>
						<line number="1089" hits="1"/>
						<line number="1094" hits="1"/>
						<line number="1128" hits="1"/>
						<line number="1140" hits="1"/>
						<line number="1173" hits="1"/>
						<line number="1185" hits="1"/>
						<line number="1210" hits="1"/>
						<line number="1212" hits="1"/>
						<line number="1241" hits="1"/>
						<line number="1246" hits="1"/>
						<line number="1275" hits="1"/>
						<line number="1280" hits="1"/>
						<line number="1311" hits="1"/>
						<line number="1317" hits="1"/>
						<line number="1346" hits="1"/>
						<line number="1351" hits="1"/>
						<line number="1380" hits="1"/>
						<line number="1385" hits="1"/>
						<line number="1416" hits="1"/>
						<line number="1428" hits="1"/>
						<line number="1457" hits="1"/>
						<line number="1462" hits="1"/>
						<line number="1490" hits="1"/>
						<line number="1495" hits="1"/>
						<line number="1524" hits="1"/>
						<line number="1529" hits="1"/>
						<line number="1558" hits="1"/>
						<line number="1563" hits="1"/>
						<line number="1594" hits="1"/>
						<line number="1600" hits="1"/>
						<line number="1632" hits="1"/>
						<line number="1638" hits="1"/>
						<line number="1668" hits="1"/>
						<line number="1673" hits="1"/>
						<line number="1702" hits="1"/>
						<line number="1707" hits="1"/>
						<line number="1737" hits="1"/>
						<line number="1739" hits="1"/>
						<line number="1771" hits="1"/>
						<line number="1773" hits="1"/>
						<line number="1798" hits="1"/>
						<line number="1800" hits="1"/>
						<line number="1825" hits="1"/>
						<line number="1827" hits="1"/>
						<line number="1853" hits="1"/>
						<line number="1855" hits="1"/>
						<line number="1885" hits="1"/>
						<line number="1890" hits="1"/>
						<line number="1920" hits="1"/>
						<line number="1925" hits="1"/>
						<line number="1950" hits="1"/>
						<line number="1952" hits="1"/>
						<line number="1981" hits="1"/>
						<line number="1986" hits="1"/>
						<line number="2015" hits="1"/>
						<line number="2020" hits="1"/>
						<line number="2045" hits="1"/>
						<line number="2047" hits="1"/>
						<line number="2076" hits="1"/>
						<line number="2081" hits="1"/>
						<line number="2110" hits="1"/>
						<line number="2115" hits="1"/>
						<line number="2140" hits="1"/>
					</lines>
				</class>
				<class name="identity.py" filename="rws/ctrl/identity.py" complexity="0" line-rate="1" branch-rate="1">
					<methods/>
					<lines>
						<line number="11" hits="1"/>
						<line number="13" hits="1"/>
						<line number="15" hits="1"/>
						<line number="18" hits="1"/>
						<line number="43" hits="1"/>
						<line number="45" hits="1"/>
						<line number="74" hits="1"/>
						<line number="79" hits="1"/>
						<line number="104" hits="1"/>
					</lines>
				</class>
			</classes>
		</package>
		<package name="rws.iosystem" line-rate="1" branch-rate="1" complexity="0">
			<classes>
				<class name="__init__.py" filename="rws/iosystem/__init__.py" complexity="0" line-rate="1" branch-rate="1">
					<methods/>
					<lines/>
				</class>
				<class name="devices.py" filename="rws/iosystem/devices.py" complexity="0" line-rate="1" branch-rate="1">
					<methods/>
					<lines>
						<line number="11" hits="1"/>
						<line number="13" hits="1"/>
						<line number="15" hits="1"/>
						<line number="18" hits="1"/>
						<line number="43" hits="1"/>
						<line number="45" hits="1"/>
						<line number="74" hits="1"/>
						<line number="79" hits="1"/>
						<line number="116" hits="1"/>
					</lines>
				</class>
				<class name="iosystem.py" filename="rws/iosystem/iosystem.py" complexity="0" line-rate="1" branch-rate="1">
					<methods/>
					<lines>
						<line number="11" hits="1"/>
						<line number="13" hits="1"/>
						<line number="15" hits="1"/>
						<line number="18" hits="1"/>
						<line number="43" hits="1"/>
						<line number="45" hits="1"/>
						<line number="74" hits="1"/>
						<line number="76" hits="1"/>
						<line number="107" hits="1"/>
						<line number="112" hits="1"/>
						<line number="145" hits="1"/>
						<line number="151" hits="1"/>
						<line number="182" hits="1"/>
						<line number="194" hits="1"/>
						<line number="228" hits="1"/>
						<line number="240" hits="1"/>
						<line number="273" hits="1"/>
						<line number="279" hits="1"/>
						<line number="308" hits="1"/>
						<line number="310" hits="1"/>
						<line number="341" hits="1"/>
						<line number="346" hits="1"/>
						<line number="379" hits="1"/>
						<line number="385" hits="1"/>
						<line number="416" hits="1"/>
						<line number="428" hits="1"/>
						<line number="468" hits="1"/>
						<line number="482" hits="1"/>
						<line number="522" hits="1"/>
						<line number="536" hits="1"/>
						<line number="570" hits="1"/>
						<line number="582" hits="1"/>
						<line number="613" hits="1"/>
						<line number="615" hits="1"/>
						<line number="652" hits="1"/>
						<line number="666" hits="1"/>
						<line number="695" hits="1"/>
						<line number="697" hits="1"/>
						<line number="732" hits="1"/>
						<line number="734" hits="1"/>
						<line number="769" hits="1"/>
						<line number="774" hits="1"/>
						<line number="811" hits="1"/>
						<line number="817" hits="1"/>
						<line number="852" hits="1"/>
						<line number="857" hits="1"/>
						<line number="888" hits="1"/>
						<line number="900" hits="1"/>
						<line number="943" hits="1"/>
					</lines>
				</class>
				<class name="networks.py" filename="rws/iosystem/networks.py" complexity="0" line-rate="1" branch-rate="1">
					<methods/>
					<lines>
						<line number="11" hits="1"/>
						<line number="13" hits="1"/>
						<line number="15" hits="1"/>
						<line number="18" hits="1"/>
						<line number="43" hits="1"/>
						<line number="45" hits="1"/>
						<line number="74" hits="1"/>
						<line number="79" hits="1"/>
						<line number="110" hits="1"/>
					</lines>
				</class>
				<class name="signals.py" filename="rws/iosystem/signals.py" complexity="0" line-rate="1" branch-rate="1">
					<methods/>
					<lines>
						<line number="11" hits="1"/>
						<line number="13" hits="1"/>
						<line number="15" hits="1"/>
						<line number="18" hits="1"/>
						<line number="43" hits="1"/>
						<line number="45" hits="1"/>
						<line number="98" hits="1"/>
						<line number="127" hits="1"/>
						<line number="180" hits="1"/>
						<line number="209" hits="1"/>
						<line number="238" hits="1"/>
						<line number="243" hits="1"/>
						<line number="272" hits="1"/>
					</lines>
				</class>
			</classes>
		</package>
		<package name="rws.rapid" line-rate="1" branch-rate="1" complexity="0">
			<classes>
				<class name="__init__.py" filename="rws/rapid/__init__.py" complexity="0" line-rate="1" branch-rate="1">
					<methods/>
					<lines/>
				</class>
				<class name="aliasio.py" filename="rws/rapid/aliasio.py" complexity="0" line-rate="1" branch-rate="1">
					<methods/>
					<lines>
						<line number="11" hits="1"/>
						<line number="13" hits="1"/>
						<line number="15" hits="1"/>
						<line number="18" hits="1"/>
						<line number="49" hits="1"/>
					</lines>
				</class>
				<class name="execution.py" filename="rws/rapid/execution.py" complexity="0" line-rate="1" branch-rate="1">
					<methods/>
					<lines>
						<line number="11" hits="1"/>
						<line number="13" hits="1"/>
						<line number="15" hits="1"/>
						<line number="18" hits="1"/>
						<line number="48" hits="1"/>
						<line number="53" hits="1"/>
						<line number="82" hits="1"/>
						<line number="87" hits="1"/>
						<line number="128" hits="1"/>
						<line number="145" hits="1"/>
						<line number="178" hits="1"/>
						<line number="191" hits="1"/>
						<line number="220" hits="1"/>
						<line number="225" hits="1"/>
						<line number="254" hits="1"/>
						<line number="259" hits="1"/>
						<line number="290" hits="1"/>
						<line number="296" hits="1"/>
						<line number="329" hits="1"/>
						<line number="342" hits="1"/>
						<line number="375" hits="1"/>
						<line number="388" hits="1"/>
						<line number="419" hits="1"/>
						<line number="431" hits="1"/>
						<line number="465" hits="1"/>
					</lines>
				</class>
				<class name="modules.py" filename="rws/rapid/modules.py" complexity="0" line-rate="1" branch-rate="1">
					<methods/>
					<lines>
						<line number="11" hits="1"/>
						<line number="13" hits="1"/>
						<line number="15" hits="1"/>
						<line number="18" hits="1"/>
						<line number="47" hits="1"/>
						<line number="52" hits="1"/>
						<line number="81" hits="1"/>
						<line number="86" hits="1"/>
						<line number="115" hits="1"/>
						<line number="120" hits="1"/>
						<line number="154" hits="1"/>
						<line number="167" hits="1"/>
						<line number="196" hits="1"/>
						<line number="198" hits="1"/>
						<line number="229" hits="1"/>
						<line number="234" hits="1"/>
						<line number="271" hits="1"/>
						<line number="277" hits="1"/>
						<line number="324" hits="1"/>
						<line number="343" hits="1"/>
						<line number="378" hits="1"/>
						<line number="384" hits="1"/>
						<line number="417" hits="1"/>
						<line number="429" hits="1"/>
						<line number="461" hits="1"/>
						<line number="466" hits="1"/>
						<line number="506" hits="1"/>
						<line number="522" hits="1"/>
						<line number="556" hits="1"/>
						<line number="568" hits="1"/>
						<line number="606" hits="1"/>
						<line number="620" hits="1"/>
						<line number="649" hits="1"/>
						<line number="651" hits="1"/>
						<line number="683" hits="1"/>
						<line number="688" hits="1"/>
						<line number="734" hits="1"/>
						<line number="752" hits="1"/>
						<line number="784" hits="1"/>
						<line number="789" hits="1"/>
						<line number="829" hits="1"/>
						<line number="845" hits="1"/>
						<line number="885" hits="1"/>
						<line number="901" hits="1"/>
						<line number="933" hits="1"/>
						<line number="938" hits="1"/>
						<line number="970" hits="1"/>
						<line number="975" hits="1"/>
						<line number="1011" hits="1"/>
						<line number="1025" hits="1"/>
						<line number="1060" hits="1"/>
						<line number="1073" hits="1"/>
						<line number="1117" hits="1"/>
					</lines>
				</class>
				<class name="rapid.py" filename="rws/rapid/rapid.py" complexity="0" line-rate="1" branch-rate="1">
					<methods/>
					<lines>
						<line number="11" hits="1"/>
						<line number="13" hits="1"/>
						<line number="15" hits="1"/>
						<line number="18" hits="1"/>
						<line number="42" hits="1"/>
					</lines>
				</class>
				<class name="symbol.py" filename="rws/rapid/symbol.py" complexity="0" line-rate="1" branch-rate="1">
					<methods/>
					<lines>
						<line number="11" hits="1"/>
						<line number="13" hits="1"/>
						<line number="15" hits="1"/>
						<line number="18" hits="1"/>
						<line number="47" hits="1"/>
						<line number="49" hits="1"/>
						<line number="80" hits="1"/>
						<line number="85" hits="1"/>
						<line number="116" hits="1"/>
						<line number="121" hits="1"/>
						<line number="155" hits="1"/>
						<line number="161" hits="1"/>
						<line number="190" hits="1"/>
						<line number="195" hits="1"/>
						<line number="226" hits="1"/>
						<line number="238" hits="1"/>
						<line number="271" hits="1"/>
					</lines>
				</class>
				<class name="symbols.py" filename="rws/rapid/symbols.py" complexity="0" line-rate="1" branch-rate="1">
					<methods/>
					<lines>
						<line number="11" hits="1"/>
						<line number="13" hits="1"/>
						<line number="15" hits="1"/>
						<line number="18" hits="1"/>
						<line number="42" hits="1"/>
						<line number="44" hits="1"/>
						<line number="73" hits="1"/>
						<line number="78" hits="1"/>
						<line number="127" hits="1"/>
						<line number="148" hits="1"/>
						<line number="189" hits="1"/>
					</lines>
				</class>
				<class name="taskpanel.py" filename="rws/rapid/taskpanel.py" complexity="0" line-rate="1" branch-rate="1">
					<methods/>
					<lines>
						<line number="11" hits="1"/>
						<line number="13" hits="1"/>
						<line number="15" hits="1"/>
						<line number="18" hits="1"/>
						<line number="43" hits="1"/>
						<line number="45" hits="1"/>
						<line number="76" hits="1"/>
					</lines>
				</class>
				<class name="tasks.py" filename="rws/rapid/tasks.py" complexity="0" line-rate="1" branch-rate="1">
					<methods/>
					<lines>
						<line number="11" hits="1"/>
						<line number="13" hits="1"/>
						<line number="15" hits="1"/>
						<line number="18" hits="1"/>
						<line number="47" hits="1"/>
						<line number="52" hits="1"/>
						<line number="81" hits="1"/>
						<line number="86" hits="1"/>
						<line number="118" hits="1"/>
						<line number="124" hits="1"/>
						<line number="152" hits="1"/>
						<line number="157" hits="1"/>
						<line number="187" hits="1"/>
						<line number="192" hits="1"/>
						<line number="222" hits="1"/>
						<line number="227" hits="1"/>
						<line number="258" hits="1"/>
						<line number="263" hits="1"/>
						<line number="294" hits="1"/>
						<line number="306" hits="1"/>
						<line number="337" hits="1"/>
						<line number="342" hits="1"/>
						<line number="373" hits="1"/>
						<line number="378" hits="1"/>
						<line number="413" hits="1"/>
						<line number="426" hits="1"/>
						<line number="459" hits="1"/>
						<line number="465" hits="1"/>
						<line number="496" hits="1"/>
						<line number="501" hits="1"/>
						<line number="532" hits="1"/>
						<line number="537" hits="1"/>
						<line number="570" hits="1"/>
						<line number="582" hits="1"/>
						<line number="613" hits="1"/>
						<line number="618" hits="1"/>
						<line number="653" hits="1"/>
						<line number="666" hits="1"/>
						<line number="699" hits="1"/>
						<line number="704" hits="1"/>
						<line number="737" hits="1"/>
						<line number="742" hits="1"/>
						<line number="773" hits="1"/>
						<line number="778" hits="1"/>
						<line number="811" hits="1"/>
						<line number="823" hits="1"/>
						<line number="856" hits="1"/>
						<line number="868" hits="1"/>
						<line number="900" hits="1"/>
						<line number="912" hits="1"/>
						<line number="944" hits="1"/>
						<line number="956" hits="1"/>
						<line number="988" hits="1"/>
						<line number="1000" hits="1"/>
						<line number="1029" hits="1"/>
						<line number="1031" hits="1"/>
						<line number="1066" hits="1"/>
						<line number="1079" hits="1"/>
						<line number="1110" hits="1"/>
						<line number="1115" hits="1"/>
						<line number="1146" hits="1"/>
						<line number="1151" hits="1"/>
						<line number="1182" hits="1"/>
						<line number="1187" hits="1"/>
						<line number="1235" hits="1"/>
						<line number="1255" hits="1"/>
						<line number="1303" hits="1"/>
						<line number="1323" hits="1"/>
						<line number="1354" hits="1"/>
						<line number="1359" hits="1"/>
						<line number="1390" hits="1"/>
						<line number="1395" hits="1"/>
						<line number="1430" hits="1"/>
						<line number="1443" hits="1"/>
						<line number="1474" hits="1"/>
						<line number="1479" hits="1"/>
						<line number="1512" hits="1"/>
						<line number="1518" hits="1"/>
						<line number="1551" hits="1"/>
						<line number="1557" hits="1"/>
						<line number="1590" hits="1"/>
						<line number="1596" hits="1"/>
						<line number="1631" hits="1"/>
						<line number="1636" hits="1"/>
						<line number="1667" hits="1"/>
						<line number="1672" hits="1"/>
						<line number="1709" hits="1"/>
						<line number="1723" hits="1"/>
						<line number="1756" hits="1"/>
						<line number="1761" hits="1"/>
						<line number="1790" hits="1"/>
						<line number="1792" hits="1"/>
						<line number="1823" hits="1"/>
						<line number="1828" hits="1"/>
						<line number="1868" hits="1"/>
						<line number="1883" hits="1"/>
						<line number="1920" hits="1"/>
						<line number="1934" hits="1"/>
						<line number="1969" hits="1"/>
						<line number="1975" hits="1"/>
						<line number="2006" hits="1"/>
						<line number="2011" hits="1"/>
						<line number="2042" hits="1"/>
						<line number="2047" hits="1"/>
						<line number="2079" hits="1"/>
						<line number="2091" hits="1"/>
						<line number="2123" hits="1"/>
						<line number="2135" hits="1"/>
						<line number="2170" hits="1"/>
						<line number="2183" hits="1"/>
						<line number="2212" hits="1"/>
					</lines>
				</class>
				<class name="uiinstr.py" filename="rws/rapid/uiinstr.py" complexity="0" line-rate="1" branch-rate="1">
					<methods/>
					<lines>
						<line number="11" hits="1"/>
						<line number="13" hits="1"/>
						<line number="15" hits="1"/>
						<line number="18" hits="1"/>
						<line number="43" hits="1"/>
						<line number="45" hits="1"/>
						<line number="74" hits="1"/>
						<line number="79" hits="1"/>
						<line number="108" hits="1"/>
						<line number="113" hits="1"/>
						<line number="138" hits="1"/>
						<line number="140" hits="1"/>
						<line number="169" hits="1"/>
						<line number="174" hits="1"/>
						<line number="215" hits="1"/>
						<line number="221" hits="1"/>
						<line number="252" hits="1"/>
						<line number="254" hits="1"/>
						<line number="283" hits="1"/>
					</lines>
				</class>
			</classes>
		</package>
		<package name="rws.rw" line-rate="1" branch-rate="1" complexity="0">
			<classes>
				<class name="__init__.py" filename="rws/rw/__init__.py" complexity="0" line-rate="1" branch-rate="1">
					<methods/>
					<lines/>
				</class>
				<class name="misc.py" filename="rws/rw/misc.py" complexity="0" line-rate="1" branch-rate="1">
					<methods/>
					<lines>
						<line number="11" hits="1"/>
						<line number="13" hits="1"/>
						<line number="15" hits="1"/>
						<line number="18" hits="1"/>
						<line number="43" hits="1"/>
					</lines>
				</class>
			</classes>
		</package>
		<package name="rws.users" line-rate="1" branch-rate="1" complexity="0">
			<classes>
				<class name="__init__.py" filename="rws/users/__init__.py" complexity="0" line-rate="1" branch-rate="1">
					<methods/>
					<lines/>
				</class>
				<class name="grants.py" filename="rws/users/grants.py" complexity="0" line-rate="1" branch-rate="1">
					<methods/>
					<lines>
						<line number="11" hits="1"/>
						<line number="13" hits="1"/>
						<line number="15" hits="1"/>
						<line number="18" hits="1"/>
						<line number="42" hits="1"/>
					</lines>
				</class>
				<class name="remote.py" filename="rws/users/remote.py" complexity="0" line-rate="1" branch-rate="1">
					<methods/>
					<lines>
						<line number="11" hits="1"/>
						<line number="13" hits="1"/>
						<line number="15" hits="1"/>
						<line number="18" hits="1"/>
						<line number="47" hits="1"/>
						<line number="52" hits="1"/>
						<line number="82" hits="1"/>
						<line number="87" hits="1"/>
						<line number="116" hits="1"/>
						<line number="121" hits="1"/>
						<line number="152" hits="1"/>
					</lines>
				</class>
				<class name="rmmp.py" filename="rws/users/rmmp.py" complexity="0" line-rate="1" branch-rate="1">
					<methods/>
					<lines>
						<line number="11" hits="1"/>
						<line number="13" hits="1"/>
						<line number="15" hits="1"/>
						<line number="18" hits="1"/>
						<line number="42" hits="1"/>
						<line number="44" hits="1"/>
						<line number="72" hits="1"/>
						<line number="77" hits="1"/>
						<line number="102" hits="1"/>
						<line number="104" hits="1"/>
						<line number="133" hits="1"/>
						<line number="138" hits="1"/>
						<line number="166" hits="1"/>
						<line number="171" hits="1"/>
						<line number="202" hits="1"/>
						<line number="214" hits="1"/>
						<line number="239" hits="1"/>
					</lines>
				</class>
				<class name="users.py" filename="rws/users/users.py" complexity="0" line-rate="1" branch-rate="1">
					<methods/>
					<lines>
						<line number="11" hits="1"/>
						<line number="13" hits="1"/>
						<line number="15" hits="1"/>
						<line number="18" hits="1"/>
						<line number="46" hits="1"/>
						<line number="51" hits="1"/>
						<line number="80" hits="1"/>
						<line number="85" hits="1"/>
						<line number="112" hits="1"/>
						<line number="114" hits="1"/>
						<line number="143" hits="1"/>
						<line number="148" hits="1"/>
						<line number="180" hits="1"/>
					</lines>
				</class>
			</classes>
		</package>
	</packages>
</coverage>
